mode: set
github.com/unifi-go/gofi/auth/auth.go:46.76,53.2 1 1
github.com/unifi-go/gofi/auth/auth.go:56.52,72.16 6 1
github.com/unifi-go/gofi/auth/auth.go:72.16,74.3 1 0
github.com/unifi-go/gofi/auth/auth.go:77.2,77.23 1 1
github.com/unifi-go/gofi/auth/auth.go:77.23,79.3 1 1
github.com/unifi-go/gofi/auth/auth.go:82.2,88.62 2 1
github.com/unifi-go/gofi/auth/auth.go:88.62,90.3 1 0
github.com/unifi-go/gofi/auth/auth.go:92.2,92.31 1 1
github.com/unifi-go/gofi/auth/auth.go:92.31,94.3 1 0
github.com/unifi-go/gofi/auth/auth.go:97.2,98.21 2 1
github.com/unifi-go/gofi/auth/auth.go:98.21,101.3 2 1
github.com/unifi-go/gofi/auth/auth.go:104.2,112.12 2 1
github.com/unifi-go/gofi/auth/auth.go:116.53,120.22 3 1
github.com/unifi-go/gofi/auth/auth.go:120.22,122.3 1 0
github.com/unifi-go/gofi/auth/auth.go:125.2,135.12 6 1
github.com/unifi-go/gofi/auth/auth.go:139.66,148.68 6 1
github.com/unifi-go/gofi/auth/auth.go:148.68,150.3 1 1
github.com/unifi-go/gofi/auth/auth.go:153.2,153.36 1 1
github.com/unifi-go/gofi/auth/auth.go:153.36,154.10 1 0
github.com/unifi-go/gofi/auth/auth.go:155.20,161.44 4 0
github.com/unifi-go/gofi/auth/auth.go:161.44,163.5 1 0
github.com/unifi-go/gofi/auth/auth.go:164.4,164.14 1 0
github.com/unifi-go/gofi/auth/auth.go:165.21,166.20 1 0
github.com/unifi-go/gofi/auth/auth.go:171.2,174.74 2 1
github.com/unifi-go/gofi/auth/auth.go:174.74,177.3 2 0
github.com/unifi-go/gofi/auth/auth.go:180.2,180.18 1 1
github.com/unifi-go/gofi/auth/auth.go:180.18,185.23 3 0
github.com/unifi-go/gofi/auth/auth.go:185.23,186.11 1 0
github.com/unifi-go/gofi/auth/auth.go:187.21,192.45 4 0
github.com/unifi-go/gofi/auth/auth.go:192.45,194.6 1 0
github.com/unifi-go/gofi/auth/auth.go:195.5,195.15 1 0
github.com/unifi-go/gofi/auth/auth.go:196.22,197.21 1 0
github.com/unifi-go/gofi/auth/auth.go:202.3,202.36 1 0
github.com/unifi-go/gofi/auth/auth.go:206.2,222.12 11 1
github.com/unifi-go/gofi/auth/auth.go:226.38,230.2 3 1
github.com/unifi-go/gofi/auth/auth.go:233.42,237.2 3 1
github.com/unifi-go/gofi/auth/csrf.go:14.36,18.2 3 1
github.com/unifi-go/gofi/auth/csrf.go:21.36,22.39 1 1
github.com/unifi-go/gofi/auth/csrf.go:22.39,23.36 1 1
github.com/unifi-go/gofi/auth/csrf.go:23.36,25.4 1 1
github.com/unifi-go/gofi/auth/csrf.go:27.2,27.11 1 0
github.com/unifi-go/gofi/auth/csrf.go:31.41,33.2 1 1
github.com/unifi-go/gofi/auth/csrf.go:36.63,37.17 1 1
github.com/unifi-go/gofi/auth/csrf.go:37.17,39.3 1 1
github.com/unifi-go/gofi/auth/csrf.go:42.2,42.59 1 1
github.com/unifi-go/gofi/auth/csrf.go:42.59,45.3 2 1
github.com/unifi-go/gofi/auth/csrf.go:48.2,48.40 1 1
github.com/unifi-go/gofi/auth/csrf.go:48.40,49.67 1 1
github.com/unifi-go/gofi/auth/csrf.go:49.67,52.4 2 1
github.com/unifi-go/gofi/auth/session.go:24.34,25.14 1 1
github.com/unifi-go/gofi/auth/session.go:25.14,27.3 1 1
github.com/unifi-go/gofi/auth/session.go:30.2,30.60 1 1
github.com/unifi-go/gofi/auth/session.go:30.60,32.3 1 1
github.com/unifi-go/gofi/auth/session.go:35.2,35.22 1 1
github.com/unifi-go/gofi/auth/session.go:40.39,41.38 1 1
github.com/unifi-go/gofi/auth/session.go:41.38,43.3 1 1
github.com/unifi-go/gofi/auth/session.go:46.2,47.45 2 1
github.com/unifi-go/gofi/auth/session.go:51.39,52.38 1 1
github.com/unifi-go/gofi/auth/session.go:52.38,54.3 1 1
github.com/unifi-go/gofi/auth/session.go:55.2,55.32 1 1
github.com/unifi-go/gofi/auth/session.go:59.51,60.38 1 1
github.com/unifi-go/gofi/auth/session.go:60.38,62.3 1 1
github.com/unifi-go/gofi/auth/session.go:63.2,63.32 1 1
github.com/unifi-go/gofi/batch.go:26.20,30.25 3 1
github.com/unifi-go/gofi/batch.go:30.25,32.35 2 1
github.com/unifi-go/gofi/batch.go:32.35,41.4 3 1
github.com/unifi-go/gofi/batch.go:44.2,45.16 2 1
github.com/unifi-go/gofi/batch.go:54.20,58.29 3 1
github.com/unifi-go/gofi/batch.go:58.29,60.35 2 1
github.com/unifi-go/gofi/batch.go:60.35,69.4 3 1
github.com/unifi-go/gofi/batch.go:72.2,73.16 2 1
github.com/unifi-go/gofi/batch.go:82.11,86.25 3 1
github.com/unifi-go/gofi/batch.go:86.25,88.35 2 1
github.com/unifi-go/gofi/batch.go:88.35,91.4 2 1
github.com/unifi-go/gofi/batch.go:94.2,95.15 2 1
github.com/unifi-go/gofi/batch.go:103.20,107.29 3 1
github.com/unifi-go/gofi/batch.go:107.29,109.35 2 1
github.com/unifi-go/gofi/batch.go:109.35,118.4 3 1
github.com/unifi-go/gofi/batch.go:121.2,122.16 2 1
github.com/unifi-go/gofi/client_impl.go:45.58,46.19 1 1
github.com/unifi-go/gofi/client_impl.go:46.19,48.3 1 1
github.com/unifi-go/gofi/client_impl.go:51.2,51.23 1 1
github.com/unifi-go/gofi/client_impl.go:51.23,53.3 1 1
github.com/unifi-go/gofi/client_impl.go:55.2,55.27 1 1
github.com/unifi-go/gofi/client_impl.go:55.27,57.3 1 1
github.com/unifi-go/gofi/client_impl.go:59.2,59.27 1 1
github.com/unifi-go/gofi/client_impl.go:59.27,61.3 1 1
github.com/unifi-go/gofi/client_impl.go:64.2,64.22 1 1
github.com/unifi-go/gofi/client_impl.go:64.22,66.3 1 1
github.com/unifi-go/gofi/client_impl.go:68.2,68.23 1 1
github.com/unifi-go/gofi/client_impl.go:68.23,70.3 1 1
github.com/unifi-go/gofi/client_impl.go:72.2,72.25 1 1
github.com/unifi-go/gofi/client_impl.go:72.25,74.3 1 1
github.com/unifi-go/gofi/client_impl.go:76.2,76.30 1 1
github.com/unifi-go/gofi/client_impl.go:76.30,78.3 1 1
github.com/unifi-go/gofi/client_impl.go:81.2,81.27 1 1
github.com/unifi-go/gofi/client_impl.go:81.27,83.3 1 1
github.com/unifi-go/gofi/client_impl.go:86.2,98.26 6 1
github.com/unifi-go/gofi/client_impl.go:98.26,99.39 1 1
github.com/unifi-go/gofi/client_impl.go:99.39,101.4 1 1
github.com/unifi-go/gofi/client_impl.go:102.3,102.54 1 1
github.com/unifi-go/gofi/client_impl.go:106.2,107.16 2 1
github.com/unifi-go/gofi/client_impl.go:107.16,109.3 1 0
github.com/unifi-go/gofi/client_impl.go:112.2,113.31 2 1
github.com/unifi-go/gofi/client_impl.go:113.31,120.3 2 0
github.com/unifi-go/gofi/client_impl.go:120.8,122.3 1 1
github.com/unifi-go/gofi/client_impl.go:125.2,134.15 3 1
github.com/unifi-go/gofi/client_impl.go:138.53,139.24 1 1
github.com/unifi-go/gofi/client_impl.go:139.24,141.3 1 1
github.com/unifi-go/gofi/client_impl.go:144.2,144.42 1 1
github.com/unifi-go/gofi/client_impl.go:144.42,146.3 1 1
github.com/unifi-go/gofi/client_impl.go:148.2,150.21 2 1
github.com/unifi-go/gofi/client_impl.go:150.21,152.3 1 0
github.com/unifi-go/gofi/client_impl.go:154.2,154.12 1 1
github.com/unifi-go/gofi/client_impl.go:158.56,159.25 1 1
github.com/unifi-go/gofi/client_impl.go:159.25,161.3 1 1
github.com/unifi-go/gofi/client_impl.go:164.2,164.43 1 1
github.com/unifi-go/gofi/client_impl.go:164.43,165.22 1 0
github.com/unifi-go/gofi/client_impl.go:165.22,167.4 1 0
github.com/unifi-go/gofi/client_impl.go:171.2,174.21 3 1
github.com/unifi-go/gofi/client_impl.go:174.21,176.3 1 0
github.com/unifi-go/gofi/client_impl.go:178.2,178.12 1 1
github.com/unifi-go/gofi/client_impl.go:182.37,184.2 1 1
github.com/unifi-go/gofi/client_impl.go:187.47,191.27 3 1
github.com/unifi-go/gofi/client_impl.go:191.27,193.3 1 1
github.com/unifi-go/gofi/client_impl.go:195.2,195.23 1 1
github.com/unifi-go/gofi/client_impl.go:199.51,203.29 3 1
github.com/unifi-go/gofi/client_impl.go:203.29,205.3 1 1
github.com/unifi-go/gofi/client_impl.go:207.2,207.25 1 1
github.com/unifi-go/gofi/client_impl.go:211.53,215.30 3 0
github.com/unifi-go/gofi/client_impl.go:215.30,217.3 1 0
github.com/unifi-go/gofi/client_impl.go:219.2,219.26 1 0
github.com/unifi-go/gofi/client_impl.go:223.47,227.27 3 0
github.com/unifi-go/gofi/client_impl.go:227.27,229.3 1 0
github.com/unifi-go/gofi/client_impl.go:231.2,231.23 1 0
github.com/unifi-go/gofi/client_impl.go:235.54,239.30 3 0
github.com/unifi-go/gofi/client_impl.go:239.30,241.3 1 0
github.com/unifi-go/gofi/client_impl.go:243.2,243.26 1 0
github.com/unifi-go/gofi/client_impl.go:247.51,251.29 3 1
github.com/unifi-go/gofi/client_impl.go:251.29,253.3 1 1
github.com/unifi-go/gofi/client_impl.go:255.2,255.25 1 1
github.com/unifi-go/gofi/client_impl.go:259.47,263.27 3 0
github.com/unifi-go/gofi/client_impl.go:263.27,265.3 1 0
github.com/unifi-go/gofi/client_impl.go:267.2,267.23 1 0
github.com/unifi-go/gofi/client_impl.go:271.52,275.29 3 0
github.com/unifi-go/gofi/client_impl.go:275.29,277.3 1 0
github.com/unifi-go/gofi/client_impl.go:279.2,279.25 1 0
github.com/unifi-go/gofi/client_impl.go:283.61,287.33 3 0
github.com/unifi-go/gofi/client_impl.go:287.33,289.3 1 0
github.com/unifi-go/gofi/client_impl.go:291.2,291.29 1 0
github.com/unifi-go/gofi/client_impl.go:295.61,299.33 3 0
github.com/unifi-go/gofi/client_impl.go:299.33,301.3 1 0
github.com/unifi-go/gofi/client_impl.go:303.2,303.29 1 0
github.com/unifi-go/gofi/client_impl.go:307.53,311.29 3 0
github.com/unifi-go/gofi/client_impl.go:311.29,313.3 1 0
github.com/unifi-go/gofi/client_impl.go:315.2,315.25 1 0
github.com/unifi-go/gofi/client_impl.go:319.50,323.28 3 0
github.com/unifi-go/gofi/client_impl.go:323.28,325.3 1 0
github.com/unifi-go/gofi/client_impl.go:327.2,327.24 1 0
github.com/unifi-go/gofi/client_impl.go:331.49,333.2 1 0
github.com/unifi-go/gofi/errors.go:69.35,70.21 1 1
github.com/unifi-go/gofi/errors.go:70.21,72.3 1 1
github.com/unifi-go/gofi/errors.go:73.2,73.90 1 1
github.com/unifi-go/gofi/errors.go:77.42,78.46 1 1
github.com/unifi-go/gofi/errors.go:78.46,80.3 1 1
github.com/unifi-go/gofi/errors.go:83.2,83.42 1 1
github.com/unifi-go/gofi/errors.go:83.42,84.66 1 1
github.com/unifi-go/gofi/errors.go:84.66,86.4 1 1
github.com/unifi-go/gofi/errors.go:87.3,87.43 1 1
github.com/unifi-go/gofi/errors.go:87.43,89.4 1 0
github.com/unifi-go/gofi/errors.go:90.3,90.14 1 1
github.com/unifi-go/gofi/errors.go:93.2,93.14 1 1
github.com/unifi-go/gofi/errors.go:97.35,99.2 1 1
github.com/unifi-go/gofi/errors.go:102.74,111.20 2 1
github.com/unifi-go/gofi/errors.go:112.11,113.36 1 1
github.com/unifi-go/gofi/errors.go:114.11,115.39 1 1
github.com/unifi-go/gofi/errors.go:115.39,117.4 1 1
github.com/unifi-go/gofi/errors.go:117.9,119.4 1 1
github.com/unifi-go/gofi/errors.go:120.11,121.24 1 1
github.com/unifi-go/gofi/errors.go:122.11,123.29 1 1
github.com/unifi-go/gofi/errors.go:124.11,125.27 1 1
github.com/unifi-go/gofi/errors.go:126.26,127.27 1 1
github.com/unifi-go/gofi/errors.go:128.10,129.45 1 1
github.com/unifi-go/gofi/errors.go:129.45,131.4 1 1
github.com/unifi-go/gofi/errors.go:134.2,134.12 1 1
github.com/unifi-go/gofi/errors.go:147.42,148.19 1 1
github.com/unifi-go/gofi/errors.go:148.19,150.3 1 1
github.com/unifi-go/gofi/errors.go:151.2,151.55 1 1
github.com/unifi-go/gofi/errors.go:155.65,160.2 1 1
github.com/unifi-go/gofi/options.go:12.48,13.25 1 1
github.com/unifi-go/gofi/options.go:13.25,15.3 1 1
github.com/unifi-go/gofi/options.go:19.69,20.25 1 1
github.com/unifi-go/gofi/options.go:20.25,21.27 1 1
github.com/unifi-go/gofi/options.go:21.27,23.4 1 1
github.com/unifi-go/gofi/options.go:24.3,26.36 3 1
github.com/unifi-go/gofi/options.go:26.36,28.4 1 1
github.com/unifi-go/gofi/options.go:33.39,34.25 1 0
github.com/unifi-go/gofi/options.go:34.25,36.3 1 0
github.com/unifi-go/gofi/options.go:40.50,41.25 1 0
github.com/unifi-go/gofi/options.go:41.25,43.3 1 0
github.com/unifi-go/gofi/options.go:48.38,49.25 1 1
github.com/unifi-go/gofi/options.go:49.25,51.3 1 1
github.com/unifi-go/gofi/options.go:55.35,56.25 1 1
github.com/unifi-go/gofi/options.go:56.25,58.3 1 1
github.com/unifi-go/gofi/internal/json.go:11.74,13.52 2 1
github.com/unifi-go/gofi/internal/json.go:13.52,15.3 1 1
github.com/unifi-go/gofi/internal/json.go:18.2,18.48 1 1
github.com/unifi-go/gofi/internal/json.go:18.48,20.3 1 1
github.com/unifi-go/gofi/internal/json.go:22.2,22.19 1 1
github.com/unifi-go/gofi/internal/json.go:26.40,31.52 2 1
github.com/unifi-go/gofi/internal/json.go:31.52,33.3 1 1
github.com/unifi-go/gofi/internal/json.go:35.2,35.51 1 1
github.com/unifi-go/gofi/internal/json.go:39.46,44.52 2 1
github.com/unifi-go/gofi/internal/json.go:44.52,46.3 1 1
github.com/unifi-go/gofi/internal/json.go:48.2,48.29 1 1
github.com/unifi-go/gofi/internal/json.go:48.29,50.3 1 1
github.com/unifi-go/gofi/internal/json.go:52.2,52.51 1 1
github.com/unifi-go/gofi/internal/json.go:57.56,59.16 2 1
github.com/unifi-go/gofi/internal/json.go:59.16,61.3 1 0
github.com/unifi-go/gofi/internal/json.go:63.2,63.25 1 1
github.com/unifi-go/gofi/internal/json.go:63.25,65.3 1 1
github.com/unifi-go/gofi/internal/json.go:67.2,67.27 1 1
github.com/unifi-go/gofi/internal/json.go:71.54,77.2 2 1
github.com/unifi-go/gofi/internal/mac.go:12.38,17.2 4 1
github.com/unifi-go/gofi/internal/mac.go:21.35,23.27 2 1
github.com/unifi-go/gofi/internal/mac.go:23.27,25.3 1 1
github.com/unifi-go/gofi/internal/mac.go:27.2,28.42 2 1
github.com/unifi-go/gofi/internal/mac.go:28.42,29.12 1 1
github.com/unifi-go/gofi/internal/mac.go:29.12,31.4 1 1
github.com/unifi-go/gofi/internal/mac.go:32.3,32.45 1 1
github.com/unifi-go/gofi/internal/mac.go:34.2,34.27 1 1
github.com/unifi-go/gofi/internal/mac.go:38.35,39.15 1 1
github.com/unifi-go/gofi/internal/mac.go:39.15,41.3 1 1
github.com/unifi-go/gofi/internal/mac.go:42.2,42.34 1 1
github.com/unifi-go/gofi/internal/url.go:21.49,22.16 1 1
github.com/unifi-go/gofi/internal/url.go:22.16,24.3 1 1
github.com/unifi-go/gofi/internal/url.go:25.2,25.60 1 1
github.com/unifi-go/gofi/internal/url.go:30.51,31.16 1 1
github.com/unifi-go/gofi/internal/url.go:31.16,33.3 1 1
github.com/unifi-go/gofi/internal/url.go:35.2,35.49 1 1
github.com/unifi-go/gofi/internal/url.go:40.54,41.16 1 1
github.com/unifi-go/gofi/internal/url.go:41.16,43.3 1 1
github.com/unifi-go/gofi/internal/url.go:45.2,47.14 2 1
github.com/unifi-go/gofi/internal/url.go:47.14,49.3 1 1
github.com/unifi-go/gofi/internal/url.go:51.2,51.17 1 1
github.com/unifi-go/gofi/internal/url.go:56.48,57.16 1 1
github.com/unifi-go/gofi/internal/url.go:57.16,59.3 1 1
github.com/unifi-go/gofi/internal/url.go:62.2,62.56 1 1
github.com/unifi-go/gofi/internal/url.go:62.56,64.3 1 1
github.com/unifi-go/gofi/internal/url.go:66.2,66.66 1 1
github.com/unifi-go/gofi/internal/url.go:71.44,73.2 1 1
github.com/unifi-go/gofi/internal/url.go:77.46,79.2 1 1
github.com/unifi-go/gofi/internal/url.go:83.45,84.16 1 1
github.com/unifi-go/gofi/internal/url.go:84.16,86.3 1 1
github.com/unifi-go/gofi/internal/url.go:87.2,87.56 1 1
github.com/unifi-go/gofi/examples/basic/main.go:11.13,25.16 3 0
github.com/unifi-go/gofi/examples/basic/main.go:25.16,27.3 1 0
github.com/unifi-go/gofi/examples/basic/main.go:30.2,31.44 2 0
github.com/unifi-go/gofi/examples/basic/main.go:31.44,33.3 1 0
github.com/unifi-go/gofi/examples/basic/main.go:34.2,40.16 4 0
github.com/unifi-go/gofi/examples/basic/main.go:40.16,42.3 1 0
github.com/unifi-go/gofi/examples/basic/main.go:44.2,45.29 2 0
github.com/unifi-go/gofi/examples/basic/main.go:45.29,47.3 1 0
github.com/unifi-go/gofi/examples/basic/main.go:50.2,51.16 2 0
github.com/unifi-go/gofi/examples/basic/main.go:51.16,53.3 1 0
github.com/unifi-go/gofi/examples/basic/main.go:55.2,56.33 2 0
github.com/unifi-go/gofi/examples/basic/main.go:56.33,63.3 1 0
github.com/unifi-go/gofi/examples/basic/main.go:66.2,67.16 2 0
github.com/unifi-go/gofi/examples/basic/main.go:67.16,69.3 1 0
github.com/unifi-go/gofi/examples/basic/main.go:71.2,72.35 2 0
github.com/unifi-go/gofi/examples/basic/main.go:72.35,74.3 1 0
github.com/unifi-go/gofi/examples/basic/main.go:77.2,78.16 2 0
github.com/unifi-go/gofi/examples/basic/main.go:78.16,80.3 1 0
github.com/unifi-go/gofi/examples/basic/main.go:82.2,83.27 2 0
github.com/unifi-go/gofi/examples/basic/main.go:83.27,85.3 1 0
github.com/unifi-go/gofi/examples/concurrent/main.go:12.13,22.16 3 0
github.com/unifi-go/gofi/examples/concurrent/main.go:22.16,24.3 1 0
github.com/unifi-go/gofi/examples/concurrent/main.go:26.2,27.44 2 0
github.com/unifi-go/gofi/examples/concurrent/main.go:27.44,29.3 1 0
github.com/unifi-go/gofi/examples/concurrent/main.go:30.2,36.16 4 0
github.com/unifi-go/gofi/examples/concurrent/main.go:36.16,38.3 1 0
github.com/unifi-go/gofi/examples/concurrent/main.go:40.2,40.23 1 0
github.com/unifi-go/gofi/examples/concurrent/main.go:40.23,42.3 1 0
github.com/unifi-go/gofi/examples/concurrent/main.go:45.2,46.33 2 0
github.com/unifi-go/gofi/examples/concurrent/main.go:46.33,48.3 1 0
github.com/unifi-go/gofi/examples/concurrent/main.go:50.2,53.103 2 0
github.com/unifi-go/gofi/examples/concurrent/main.go:53.103,55.3 1 0
github.com/unifi-go/gofi/examples/concurrent/main.go:58.2,61.33 3 0
github.com/unifi-go/gofi/examples/concurrent/main.go:61.33,62.26 1 0
github.com/unifi-go/gofi/examples/concurrent/main.go:62.26,65.4 2 0
github.com/unifi-go/gofi/examples/concurrent/main.go:65.9,68.4 2 0
github.com/unifi-go/gofi/examples/concurrent/main.go:71.2,74.46 2 0
github.com/unifi-go/gofi/examples/concurrent/main.go:74.46,81.3 6 0
github.com/unifi-go/gofi/examples/crud/main.go:12.13,22.16 3 0
github.com/unifi-go/gofi/examples/crud/main.go:22.16,24.3 1 0
github.com/unifi-go/gofi/examples/crud/main.go:26.2,27.44 2 0
github.com/unifi-go/gofi/examples/crud/main.go:27.44,29.3 1 0
github.com/unifi-go/gofi/examples/crud/main.go:30.2,48.16 6 0
github.com/unifi-go/gofi/examples/crud/main.go:48.16,50.3 1 0
github.com/unifi-go/gofi/examples/crud/main.go:52.2,68.16 5 0
github.com/unifi-go/gofi/examples/crud/main.go:68.16,70.3 1 0
github.com/unifi-go/gofi/examples/crud/main.go:72.2,79.16 5 0
github.com/unifi-go/gofi/examples/crud/main.go:79.16,81.3 1 0
github.com/unifi-go/gofi/examples/crud/main.go:83.2,88.16 4 0
github.com/unifi-go/gofi/examples/crud/main.go:88.16,90.3 1 0
github.com/unifi-go/gofi/examples/crud/main.go:92.2,92.26 1 0
github.com/unifi-go/gofi/examples/crud/main.go:92.26,94.3 1 0
github.com/unifi-go/gofi/examples/crud/main.go:97.2,99.73 2 0
github.com/unifi-go/gofi/examples/crud/main.go:99.73,101.3 1 0
github.com/unifi-go/gofi/examples/crud/main.go:101.8,103.3 1 0
github.com/unifi-go/gofi/examples/crud/main.go:105.2,105.72 1 0
github.com/unifi-go/gofi/examples/crud/main.go:105.72,107.3 1 0
github.com/unifi-go/gofi/examples/crud/main.go:107.8,109.3 1 0
github.com/unifi-go/gofi/examples/crud/main.go:111.2,111.24 1 0
github.com/unifi-go/gofi/examples/errors/main.go:12.13,21.16 3 0
github.com/unifi-go/gofi/examples/errors/main.go:21.16,23.3 1 0
github.com/unifi-go/gofi/examples/errors/main.go:25.2,29.44 3 0
github.com/unifi-go/gofi/examples/errors/main.go:29.44,31.51 1 0
github.com/unifi-go/gofi/examples/errors/main.go:31.51,34.4 2 0
github.com/unifi-go/gofi/examples/errors/main.go:36.3,36.38 1 0
github.com/unifi-go/gofi/examples/errors/main.go:36.38,39.4 2 0
github.com/unifi-go/gofi/examples/errors/main.go:41.3,42.9 2 0
github.com/unifi-go/gofi/examples/errors/main.go:44.2,51.16 5 0
github.com/unifi-go/gofi/examples/errors/main.go:51.16,52.39 1 0
github.com/unifi-go/gofi/examples/errors/main.go:52.39,54.4 1 0
github.com/unifi-go/gofi/examples/errors/main.go:54.9,56.4 1 0
github.com/unifi-go/gofi/examples/errors/main.go:60.2,62.16 3 0
github.com/unifi-go/gofi/examples/errors/main.go:62.16,64.30 2 0
github.com/unifi-go/gofi/examples/errors/main.go:64.30,70.4 1 0
github.com/unifi-go/gofi/examples/errors/main.go:74.2,81.16 4 0
github.com/unifi-go/gofi/examples/errors/main.go:81.16,83.30 2 0
github.com/unifi-go/gofi/examples/errors/main.go:83.30,85.4 1 0
github.com/unifi-go/gofi/examples/errors/main.go:89.2,103.49 4 0
github.com/unifi-go/gofi/examples/errors/main.go:103.49,106.3 1 0
github.com/unifi-go/gofi/examples/errors/main.go:106.8,109.3 2 0
github.com/unifi-go/gofi/examples/errors/main.go:111.2,111.59 1 0
github.com/unifi-go/gofi/examples/websocket/main.go:14.13,24.16 3 0
github.com/unifi-go/gofi/examples/websocket/main.go:24.16,26.3 1 0
github.com/unifi-go/gofi/examples/websocket/main.go:28.2,29.44 2 0
github.com/unifi-go/gofi/examples/websocket/main.go:29.44,31.3 1 0
github.com/unifi-go/gofi/examples/websocket/main.go:32.2,38.16 4 0
github.com/unifi-go/gofi/examples/websocket/main.go:38.16,40.3 1 0
github.com/unifi-go/gofi/examples/websocket/main.go:41.2,50.6 5 0
github.com/unifi-go/gofi/examples/websocket/main.go:50.6,51.10 1 0
github.com/unifi-go/gofi/examples/websocket/main.go:52.31,53.11 1 0
github.com/unifi-go/gofi/examples/websocket/main.go:53.11,56.5 2 0
github.com/unifi-go/gofi/examples/websocket/main.go:58.4,61.21 2 0
github.com/unifi-go/gofi/examples/websocket/main.go:62.51,63.75 1 0
github.com/unifi-go/gofi/examples/websocket/main.go:64.51,65.67 1 0
github.com/unifi-go/gofi/examples/websocket/main.go:68.29,69.11 1 0
github.com/unifi-go/gofi/examples/websocket/main.go:69.11,72.5 2 0
github.com/unifi-go/gofi/examples/websocket/main.go:74.4,74.35 1 0
github.com/unifi-go/gofi/examples/websocket/main.go:76.16,78.10 2 0
github.com/unifi-go/gofi/types/common.go:52.31,53.13 1 1
github.com/unifi-go/gofi/types/common.go:53.13,55.3 1 1
github.com/unifi-go/gofi/types/common.go:58.2,61.27 3 1
github.com/unifi-go/gofi/types/common.go:61.27,63.3 1 1
github.com/unifi-go/gofi/types/common.go:66.2,67.14 2 1
github.com/unifi-go/gofi/types/common.go:67.14,69.3 1 1
github.com/unifi-go/gofi/types/common.go:71.2,71.12 1 1
github.com/unifi-go/gofi/types/common.go:75.30,77.2 1 1
github.com/unifi-go/gofi/types/common.go:97.38,98.11 1 1
github.com/unifi-go/gofi/types/common.go:99.26,100.19 1 1
github.com/unifi-go/gofi/types/common.go:101.28,102.21 1 1
github.com/unifi-go/gofi/types/common.go:103.26,104.19 1 1
github.com/unifi-go/gofi/types/common.go:105.31,106.24 1 1
github.com/unifi-go/gofi/types/common.go:107.27,108.20 1 1
github.com/unifi-go/gofi/types/common.go:109.31,110.24 1 1
github.com/unifi-go/gofi/types/common.go:111.28,112.21 1 1
github.com/unifi-go/gofi/types/common.go:113.27,114.20 1 1
github.com/unifi-go/gofi/types/common.go:115.27,116.20 1 1
github.com/unifi-go/gofi/types/common.go:117.27,118.20 1 1
github.com/unifi-go/gofi/types/common.go:119.28,120.21 1 1
github.com/unifi-go/gofi/types/common.go:121.10,122.39 1 1
github.com/unifi-go/gofi/types/common.go:127.56,129.51 2 1
github.com/unifi-go/gofi/types/common.go:129.51,131.3 1 0
github.com/unifi-go/gofi/types/common.go:132.2,133.12 2 1
github.com/unifi-go/gofi/types/common.go:137.52,139.2 1 1
github.com/unifi-go/gofi/types/flex.go:17.52,20.51 2 1
github.com/unifi-go/gofi/types/flex.go:20.51,24.3 3 1
github.com/unifi-go/gofi/types/flex.go:27.2,28.51 2 1
github.com/unifi-go/gofi/types/flex.go:28.51,30.3 1 0
github.com/unifi-go/gofi/types/flex.go:32.2,33.15 2 1
github.com/unifi-go/gofi/types/flex.go:33.15,35.58 1 1
github.com/unifi-go/gofi/types/flex.go:35.58,37.4 1 1
github.com/unifi-go/gofi/types/flex.go:40.2,40.12 1 1
github.com/unifi-go/gofi/types/flex.go:44.48,46.47 1 1
github.com/unifi-go/gofi/types/flex.go:46.47,48.3 1 1
github.com/unifi-go/gofi/types/flex.go:49.2,49.28 1 0
github.com/unifi-go/gofi/types/flex.go:53.28,55.2 1 1
github.com/unifi-go/gofi/types/flex.go:58.32,60.2 1 1
github.com/unifi-go/gofi/types/flex.go:63.36,65.2 1 1
github.com/unifi-go/gofi/types/flex.go:68.34,69.17 1 0
github.com/unifi-go/gofi/types/flex.go:69.17,71.3 1 0
github.com/unifi-go/gofi/types/flex.go:72.2,72.35 1 0
github.com/unifi-go/gofi/types/flex.go:86.53,89.49 2 1
github.com/unifi-go/gofi/types/flex.go:89.49,93.3 3 1
github.com/unifi-go/gofi/types/flex.go:96.2,97.51 2 1
github.com/unifi-go/gofi/types/flex.go:97.51,101.3 3 1
github.com/unifi-go/gofi/types/flex.go:104.2,105.51 2 1
github.com/unifi-go/gofi/types/flex.go:105.51,109.3 3 1
github.com/unifi-go/gofi/types/flex.go:111.2,111.68 1 0
github.com/unifi-go/gofi/types/flex.go:115.49,117.2 1 1
github.com/unifi-go/gofi/types/flex.go:120.31,122.2 1 1
github.com/unifi-go/gofi/types/flex.go:125.35,127.2 1 0
github.com/unifi-go/gofi/types/flex.go:136.55,139.51 2 1
github.com/unifi-go/gofi/types/flex.go:139.51,143.3 3 1
github.com/unifi-go/gofi/types/flex.go:146.2,147.51 2 1
github.com/unifi-go/gofi/types/flex.go:147.51,149.3 1 0
github.com/unifi-go/gofi/types/flex.go:151.2,152.18 2 1
github.com/unifi-go/gofi/types/flex.go:152.18,154.3 1 1
github.com/unifi-go/gofi/types/flex.go:156.2,156.12 1 1
github.com/unifi-go/gofi/types/flex.go:160.51,162.20 1 1
github.com/unifi-go/gofi/types/flex.go:162.20,164.3 1 1
github.com/unifi-go/gofi/types/flex.go:166.2,166.28 1 1
github.com/unifi-go/gofi/types/flex.go:170.37,172.2 1 0
github.com/unifi-go/gofi/types/flex.go:175.40,177.2 1 0
github.com/unifi-go/gofi/websocket/client.go:35.50,36.25 1 1
github.com/unifi-go/gofi/websocket/client.go:36.25,38.3 1 1
github.com/unifi-go/gofi/websocket/client.go:42.46,43.25 1 1
github.com/unifi-go/gofi/websocket/client.go:43.25,45.3 1 1
github.com/unifi-go/gofi/websocket/client.go:49.57,52.16 2 1
github.com/unifi-go/gofi/websocket/client.go:52.16,54.3 1 1
github.com/unifi-go/gofi/websocket/client.go:56.2,56.43 1 1
github.com/unifi-go/gofi/websocket/client.go:56.43,58.3 1 1
github.com/unifi-go/gofi/websocket/client.go:60.2,64.27 2 1
github.com/unifi-go/gofi/websocket/client.go:64.27,66.3 1 1
github.com/unifi-go/gofi/websocket/client.go:68.2,80.15 3 1
github.com/unifi-go/gofi/websocket/client.go:84.53,88.19 3 1
github.com/unifi-go/gofi/websocket/client.go:88.19,90.3 1 0
github.com/unifi-go/gofi/websocket/client.go:92.2,93.16 2 1
github.com/unifi-go/gofi/websocket/client.go:93.16,95.3 1 0
github.com/unifi-go/gofi/websocket/client.go:97.2,98.12 2 1
github.com/unifi-go/gofi/websocket/client.go:102.32,106.19 3 1
github.com/unifi-go/gofi/websocket/client.go:106.19,108.3 1 0
github.com/unifi-go/gofi/websocket/client.go:110.2,112.12 3 1
github.com/unifi-go/gofi/websocket/client.go:116.48,121.17 4 1
github.com/unifi-go/gofi/websocket/client.go:121.17,123.3 1 1
github.com/unifi-go/gofi/websocket/client.go:125.2,126.16 2 1
github.com/unifi-go/gofi/websocket/client.go:126.16,128.3 1 0
github.com/unifi-go/gofi/websocket/client.go:130.2,130.21 1 1
github.com/unifi-go/gofi/websocket/client.go:134.50,139.17 4 1
github.com/unifi-go/gofi/websocket/client.go:139.17,141.3 1 1
github.com/unifi-go/gofi/websocket/client.go:143.2,143.55 1 1
github.com/unifi-go/gofi/websocket/client.go:147.37,151.2 3 1
github.com/unifi-go/gofi/mock/fixtures.go:24.34,34.2 1 1
github.com/unifi-go/gofi/mock/fixtures.go:38.50,50.38 3 1
github.com/unifi-go/gofi/mock/fixtures.go:50.38,53.17 3 1
github.com/unifi-go/gofi/mock/fixtures.go:53.17,54.26 1 1
github.com/unifi-go/gofi/mock/fixtures.go:54.26,55.13 1 1
github.com/unifi-go/gofi/mock/fixtures.go:57.4,57.66 1 0
github.com/unifi-go/gofi/mock/fixtures.go:60.3,60.54 1 1
github.com/unifi-go/gofi/mock/fixtures.go:60.54,62.4 1 1
github.com/unifi-go/gofi/mock/fixtures.go:65.2,65.22 1 1
github.com/unifi-go/gofi/mock/fixtures.go:69.50,70.21 1 1
github.com/unifi-go/gofi/mock/fixtures.go:70.21,72.3 1 1
github.com/unifi-go/gofi/mock/fixtures.go:74.2,78.38 3 1
github.com/unifi-go/gofi/mock/fixtures.go:78.38,81.3 2 1
github.com/unifi-go/gofi/mock/fixtures.go:84.2,84.42 1 1
github.com/unifi-go/gofi/mock/fixtures.go:84.42,87.3 2 1
github.com/unifi-go/gofi/mock/fixtures.go:90.2,90.44 1 1
github.com/unifi-go/gofi/mock/fixtures.go:90.44,93.3 2 1
github.com/unifi-go/gofi/mock/fixtures.go:96.2,96.38 1 1
github.com/unifi-go/gofi/mock/fixtures.go:96.38,99.3 2 0
github.com/unifi-go/gofi/mock/fixtures.go:102.2,102.42 1 1
github.com/unifi-go/gofi/mock/fixtures.go:102.42,105.3 2 0
github.com/unifi-go/gofi/mock/fixtures.go:108.2,108.38 1 1
github.com/unifi-go/gofi/mock/fixtures.go:108.38,111.3 2 0
github.com/unifi-go/gofi/mock/fixtures.go:114.2,114.46 1 1
github.com/unifi-go/gofi/mock/fixtures.go:114.46,117.3 2 0
github.com/unifi-go/gofi/mock/handlers_auth.go:11.70,12.24 1 1
github.com/unifi-go/gofi/mock/handlers_auth.go:12.24,15.3 2 1
github.com/unifi-go/gofi/mock/handlers_auth.go:18.2,23.63 2 1
github.com/unifi-go/gofi/mock/handlers_auth.go:23.63,26.3 2 0
github.com/unifi-go/gofi/mock/handlers_auth.go:29.2,29.66 1 1
github.com/unifi-go/gofi/mock/handlers_auth.go:29.66,32.3 2 1
github.com/unifi-go/gofi/mock/handlers_auth.go:35.2,64.35 8 1
github.com/unifi-go/gofi/mock/handlers_auth.go:68.71,69.24 1 1
github.com/unifi-go/gofi/mock/handlers_auth.go:69.24,72.3 2 0
github.com/unifi-go/gofi/mock/handlers_auth.go:75.2,76.16 2 1
github.com/unifi-go/gofi/mock/handlers_auth.go:76.16,78.3 1 1
github.com/unifi-go/gofi/mock/handlers_auth.go:81.2,94.35 3 1
github.com/unifi-go/gofi/mock/handlers_auth.go:98.71,106.2 2 1
github.com/unifi-go/gofi/mock/handlers_auth.go:109.69,112.16 2 1
github.com/unifi-go/gofi/mock/handlers_auth.go:112.16,115.3 2 0
github.com/unifi-go/gofi/mock/handlers_auth.go:117.2,118.13 2 1
github.com/unifi-go/gofi/mock/handlers_auth.go:118.13,121.3 2 0
github.com/unifi-go/gofi/mock/handlers_auth.go:123.2,129.44 2 1
github.com/unifi-go/gofi/mock/handlers_client.go:14.85,18.41 2 1
github.com/unifi-go/gofi/mock/handlers_client.go:18.41,21.3 2 1
github.com/unifi-go/gofi/mock/handlers_client.go:23.2,23.45 1 1
github.com/unifi-go/gofi/mock/handlers_client.go:23.45,26.3 2 1
github.com/unifi-go/gofi/mock/handlers_client.go:29.2,29.43 1 1
github.com/unifi-go/gofi/mock/handlers_client.go:29.43,32.3 2 1
github.com/unifi-go/gofi/mock/handlers_client.go:34.2,34.18 1 0
github.com/unifi-go/gofi/mock/handlers_client.go:38.88,39.23 1 1
github.com/unifi-go/gofi/mock/handlers_client.go:39.23,42.3 2 0
github.com/unifi-go/gofi/mock/handlers_client.go:44.2,49.33 4 1
github.com/unifi-go/gofi/mock/handlers_client.go:49.33,50.55 1 1
github.com/unifi-go/gofi/mock/handlers_client.go:50.55,52.4 1 1
github.com/unifi-go/gofi/mock/handlers_client.go:55.2,55.36 1 1
github.com/unifi-go/gofi/mock/handlers_client.go:59.89,60.23 1 1
github.com/unifi-go/gofi/mock/handlers_client.go:60.23,63.3 2 0
github.com/unifi-go/gofi/mock/handlers_client.go:66.2,67.55 2 1
github.com/unifi-go/gofi/mock/handlers_client.go:67.55,68.48 1 1
github.com/unifi-go/gofi/mock/handlers_client.go:68.48,70.4 1 1
github.com/unifi-go/gofi/mock/handlers_client.go:73.2,78.33 4 1
github.com/unifi-go/gofi/mock/handlers_client.go:78.33,79.32 1 1
github.com/unifi-go/gofi/mock/handlers_client.go:79.32,81.4 1 1
github.com/unifi-go/gofi/mock/handlers_client.go:84.2,84.38 1 1
github.com/unifi-go/gofi/mock/handlers_client.go:88.91,89.24 1 1
github.com/unifi-go/gofi/mock/handlers_client.go:89.24,92.3 2 0
github.com/unifi-go/gofi/mock/handlers_client.go:95.2,108.61 2 1
github.com/unifi-go/gofi/mock/handlers_client.go:108.61,111.3 2 0
github.com/unifi-go/gofi/mock/handlers_client.go:113.2,113.19 1 1
github.com/unifi-go/gofi/mock/handlers_client.go:113.19,116.3 2 0
github.com/unifi-go/gofi/mock/handlers_client.go:119.2,120.19 2 1
github.com/unifi-go/gofi/mock/handlers_client.go:120.19,122.35 1 1
github.com/unifi-go/gofi/mock/handlers_client.go:122.35,125.4 2 0
github.com/unifi-go/gofi/mock/handlers_client.go:127.3,133.28 2 1
github.com/unifi-go/gofi/mock/handlers_client.go:137.2,137.17 1 1
github.com/unifi-go/gofi/mock/handlers_client.go:138.19,140.31 2 1
github.com/unifi-go/gofi/mock/handlers_client.go:141.21,143.31 2 1
github.com/unifi-go/gofi/mock/handlers_client.go:144.18,147.31 2 1
github.com/unifi-go/gofi/mock/handlers_client.go:148.20,149.32 1 1
github.com/unifi-go/gofi/mock/handlers_client.go:150.25,153.22 3 1
github.com/unifi-go/gofi/mock/handlers_client.go:153.22,156.4 1 1
github.com/unifi-go/gofi/mock/handlers_client.go:157.3,157.31 1 1
github.com/unifi-go/gofi/mock/handlers_client.go:158.27,161.31 3 1
github.com/unifi-go/gofi/mock/handlers_client.go:162.24,163.20 1 0
github.com/unifi-go/gofi/mock/handlers_client.go:163.20,166.4 2 0
github.com/unifi-go/gofi/mock/handlers_client.go:167.10,169.9 2 0
github.com/unifi-go/gofi/mock/handlers_client.go:172.2,172.38 1 1
github.com/unifi-go/gofi/mock/handlers_device.go:13.85,17.65 2 1
github.com/unifi-go/gofi/mock/handlers_device.go:17.65,20.3 2 1
github.com/unifi-go/gofi/mock/handlers_device.go:23.2,23.70 1 1
github.com/unifi-go/gofi/mock/handlers_device.go:23.70,26.3 2 1
github.com/unifi-go/gofi/mock/handlers_device.go:29.2,29.66 1 1
github.com/unifi-go/gofi/mock/handlers_device.go:29.66,31.30 2 1
github.com/unifi-go/gofi/mock/handlers_device.go:31.30,32.44 1 1
github.com/unifi-go/gofi/mock/handlers_device.go:32.44,36.5 3 1
github.com/unifi-go/gofi/mock/handlers_device.go:41.2,41.65 1 1
github.com/unifi-go/gofi/mock/handlers_device.go:41.65,44.3 2 1
github.com/unifi-go/gofi/mock/handlers_device.go:46.2,46.18 1 0
github.com/unifi-go/gofi/mock/handlers_device.go:50.88,51.23 1 1
github.com/unifi-go/gofi/mock/handlers_device.go:51.23,54.3 2 0
github.com/unifi-go/gofi/mock/handlers_device.go:56.2,60.33 3 1
github.com/unifi-go/gofi/mock/handlers_device.go:60.33,62.3 1 1
github.com/unifi-go/gofi/mock/handlers_device.go:64.2,64.27 1 1
github.com/unifi-go/gofi/mock/handlers_device.go:68.93,69.23 1 1
github.com/unifi-go/gofi/mock/handlers_device.go:69.23,72.3 2 0
github.com/unifi-go/gofi/mock/handlers_device.go:74.2,78.33 3 1
github.com/unifi-go/gofi/mock/handlers_device.go:78.33,86.3 1 1
github.com/unifi-go/gofi/mock/handlers_device.go:89.2,90.31 2 1
github.com/unifi-go/gofi/mock/handlers_device.go:90.31,92.3 1 1
github.com/unifi-go/gofi/mock/handlers_device.go:94.2,94.27 1 1
github.com/unifi-go/gofi/mock/handlers_device.go:98.94,99.23 1 1
github.com/unifi-go/gofi/mock/handlers_device.go:99.23,102.3 2 0
github.com/unifi-go/gofi/mock/handlers_device.go:105.2,106.13 2 1
github.com/unifi-go/gofi/mock/handlers_device.go:106.13,109.3 2 0
github.com/unifi-go/gofi/mock/handlers_device.go:112.2,113.67 2 1
github.com/unifi-go/gofi/mock/handlers_device.go:113.67,116.3 2 0
github.com/unifi-go/gofi/mock/handlers_device.go:119.2,119.26 1 1
github.com/unifi-go/gofi/mock/handlers_device.go:119.26,121.3 1 1
github.com/unifi-go/gofi/mock/handlers_device.go:122.2,122.33 1 1
github.com/unifi-go/gofi/mock/handlers_device.go:122.33,124.3 1 0
github.com/unifi-go/gofi/mock/handlers_device.go:125.2,125.38 1 1
github.com/unifi-go/gofi/mock/handlers_device.go:125.38,127.3 1 0
github.com/unifi-go/gofi/mock/handlers_device.go:130.2,133.45 2 1
github.com/unifi-go/gofi/mock/handlers_device.go:137.91,138.24 1 1
github.com/unifi-go/gofi/mock/handlers_device.go:138.24,141.3 2 0
github.com/unifi-go/gofi/mock/handlers_device.go:144.2,145.64 2 1
github.com/unifi-go/gofi/mock/handlers_device.go:145.64,148.3 2 0
github.com/unifi-go/gofi/mock/handlers_device.go:151.2,151.53 1 1
github.com/unifi-go/gofi/mock/handlers_device.go:151.53,154.3 2 0
github.com/unifi-go/gofi/mock/handlers_device.go:157.2,158.22 2 1
github.com/unifi-go/gofi/mock/handlers_device.go:158.22,160.26 2 1
github.com/unifi-go/gofi/mock/handlers_device.go:160.26,161.53 1 1
github.com/unifi-go/gofi/mock/handlers_device.go:161.53,163.10 2 1
github.com/unifi-go/gofi/mock/handlers_device.go:167.3,167.20 1 1
github.com/unifi-go/gofi/mock/handlers_device.go:167.20,170.4 2 0
github.com/unifi-go/gofi/mock/handlers_device.go:174.2,174.20 1 1
github.com/unifi-go/gofi/mock/handlers_device.go:175.15,176.20 1 1
github.com/unifi-go/gofi/mock/handlers_device.go:176.20,180.4 3 1
github.com/unifi-go/gofi/mock/handlers_device.go:181.17,181.17 0 0
github.com/unifi-go/gofi/mock/handlers_device.go:183.25,184.20 1 0
github.com/unifi-go/gofi/mock/handlers_device.go:184.20,187.4 2 0
github.com/unifi-go/gofi/mock/handlers_device.go:188.17,189.20 1 0
github.com/unifi-go/gofi/mock/handlers_device.go:189.20,192.4 2 0
github.com/unifi-go/gofi/mock/handlers_device.go:193.26,194.23 1 0
github.com/unifi-go/gofi/mock/handlers_device.go:194.23,197.4 2 0
github.com/unifi-go/gofi/mock/handlers_device.go:198.3,198.20 1 0
github.com/unifi-go/gofi/mock/handlers_device.go:198.20,201.4 2 0
github.com/unifi-go/gofi/mock/handlers_device.go:202.20,203.20 1 1
github.com/unifi-go/gofi/mock/handlers_device.go:203.20,206.4 2 1
github.com/unifi-go/gofi/mock/handlers_device.go:207.22,208.20 1 1
github.com/unifi-go/gofi/mock/handlers_device.go:208.20,211.4 2 1
github.com/unifi-go/gofi/mock/handlers_device.go:212.21,213.26 1 1
github.com/unifi-go/gofi/mock/handlers_device.go:213.26,216.4 2 1
github.com/unifi-go/gofi/mock/handlers_device.go:218.23,218.23 0 0
github.com/unifi-go/gofi/mock/handlers_device.go:220.10,222.9 2 1
github.com/unifi-go/gofi/mock/handlers_device.go:226.2,226.38 1 1
github.com/unifi-go/gofi/mock/handlers_firewall.go:12.86,16.51 2 1
github.com/unifi-go/gofi/mock/handlers_firewall.go:16.51,19.3 2 1
github.com/unifi-go/gofi/mock/handlers_firewall.go:22.2,22.50 1 1
github.com/unifi-go/gofi/mock/handlers_firewall.go:22.50,24.63 1 1
github.com/unifi-go/gofi/mock/handlers_firewall.go:24.63,27.4 2 0
github.com/unifi-go/gofi/mock/handlers_firewall.go:30.3,32.30 3 1
github.com/unifi-go/gofi/mock/handlers_firewall.go:32.30,33.97 1 1
github.com/unifi-go/gofi/mock/handlers_firewall.go:33.97,35.10 2 0
github.com/unifi-go/gofi/mock/handlers_firewall.go:39.3,39.19 1 1
github.com/unifi-go/gofi/mock/handlers_firewall.go:40.14,41.16 1 1
github.com/unifi-go/gofi/mock/handlers_firewall.go:41.16,43.5 1 0
github.com/unifi-go/gofi/mock/handlers_firewall.go:43.10,45.5 1 1
github.com/unifi-go/gofi/mock/handlers_firewall.go:46.15,47.42 1 1
github.com/unifi-go/gofi/mock/handlers_firewall.go:48.14,49.16 1 0
github.com/unifi-go/gofi/mock/handlers_firewall.go:49.16,51.5 1 0
github.com/unifi-go/gofi/mock/handlers_firewall.go:51.10,53.5 1 0
github.com/unifi-go/gofi/mock/handlers_firewall.go:54.17,55.16 1 0
github.com/unifi-go/gofi/mock/handlers_firewall.go:55.16,57.5 1 0
github.com/unifi-go/gofi/mock/handlers_firewall.go:57.10,59.5 1 0
github.com/unifi-go/gofi/mock/handlers_firewall.go:60.11,61.20 1 0
github.com/unifi-go/gofi/mock/handlers_firewall.go:63.3,63.9 1 1
github.com/unifi-go/gofi/mock/handlers_firewall.go:66.2,66.18 1 0
github.com/unifi-go/gofi/mock/handlers_firewall.go:70.95,71.23 1 1
github.com/unifi-go/gofi/mock/handlers_firewall.go:71.23,74.3 2 0
github.com/unifi-go/gofi/mock/handlers_firewall.go:76.2,79.29 3 1
github.com/unifi-go/gofi/mock/handlers_firewall.go:79.29,81.3 1 1
github.com/unifi-go/gofi/mock/handlers_firewall.go:83.2,83.27 1 1
github.com/unifi-go/gofi/mock/handlers_firewall.go:87.97,88.23 1 0
github.com/unifi-go/gofi/mock/handlers_firewall.go:88.23,91.3 2 0
github.com/unifi-go/gofi/mock/handlers_firewall.go:93.2,94.17 2 0
github.com/unifi-go/gofi/mock/handlers_firewall.go:94.17,97.3 2 0
github.com/unifi-go/gofi/mock/handlers_firewall.go:99.2,99.43 1 0
github.com/unifi-go/gofi/mock/handlers_firewall.go:103.96,104.24 1 1
github.com/unifi-go/gofi/mock/handlers_firewall.go:104.24,107.3 2 0
github.com/unifi-go/gofi/mock/handlers_firewall.go:109.2,110.62 2 1
github.com/unifi-go/gofi/mock/handlers_firewall.go:110.62,113.3 2 0
github.com/unifi-go/gofi/mock/handlers_firewall.go:116.2,116.21 1 1
github.com/unifi-go/gofi/mock/handlers_firewall.go:116.21,119.3 2 0
github.com/unifi-go/gofi/mock/handlers_firewall.go:122.2,122.19 1 1
github.com/unifi-go/gofi/mock/handlers_firewall.go:122.19,124.3 1 1
github.com/unifi-go/gofi/mock/handlers_firewall.go:125.2,129.42 3 1
github.com/unifi-go/gofi/mock/handlers_firewall.go:133.100,134.23 1 0
github.com/unifi-go/gofi/mock/handlers_firewall.go:134.23,137.3 2 0
github.com/unifi-go/gofi/mock/handlers_firewall.go:139.2,140.21 2 0
github.com/unifi-go/gofi/mock/handlers_firewall.go:140.21,143.3 2 0
github.com/unifi-go/gofi/mock/handlers_firewall.go:145.2,146.62 2 0
github.com/unifi-go/gofi/mock/handlers_firewall.go:146.62,149.3 2 0
github.com/unifi-go/gofi/mock/handlers_firewall.go:152.2,157.42 4 0
github.com/unifi-go/gofi/mock/handlers_firewall.go:161.100,162.26 1 0
github.com/unifi-go/gofi/mock/handlers_firewall.go:162.26,165.3 2 0
github.com/unifi-go/gofi/mock/handlers_firewall.go:167.2,168.21 2 0
github.com/unifi-go/gofi/mock/handlers_firewall.go:168.21,171.3 2 0
github.com/unifi-go/gofi/mock/handlers_firewall.go:173.2,175.38 2 0
github.com/unifi-go/gofi/mock/handlers_firewall.go:179.93,180.24 1 0
github.com/unifi-go/gofi/mock/handlers_firewall.go:180.24,183.3 2 0
github.com/unifi-go/gofi/mock/handlers_firewall.go:185.2,186.65 2 0
github.com/unifi-go/gofi/mock/handlers_firewall.go:186.65,189.3 2 0
github.com/unifi-go/gofi/mock/handlers_firewall.go:192.2,192.33 1 0
github.com/unifi-go/gofi/mock/handlers_firewall.go:192.33,194.18 2 0
github.com/unifi-go/gofi/mock/handlers_firewall.go:194.18,197.4 2 0
github.com/unifi-go/gofi/mock/handlers_firewall.go:200.2,200.38 1 0
github.com/unifi-go/gofi/mock/handlers_firewall.go:204.92,210.29 4 1
github.com/unifi-go/gofi/mock/handlers_firewall.go:210.29,211.70 1 1
github.com/unifi-go/gofi/mock/handlers_firewall.go:211.70,213.9 2 0
github.com/unifi-go/gofi/mock/handlers_firewall.go:217.2,217.18 1 1
github.com/unifi-go/gofi/mock/handlers_firewall.go:218.13,219.15 1 1
github.com/unifi-go/gofi/mock/handlers_firewall.go:219.15,221.4 1 0
github.com/unifi-go/gofi/mock/handlers_firewall.go:221.9,223.4 1 1
github.com/unifi-go/gofi/mock/handlers_firewall.go:224.14,225.42 1 0
github.com/unifi-go/gofi/mock/handlers_firewall.go:226.13,227.15 1 0
github.com/unifi-go/gofi/mock/handlers_firewall.go:227.15,229.4 1 0
github.com/unifi-go/gofi/mock/handlers_firewall.go:229.9,231.4 1 0
github.com/unifi-go/gofi/mock/handlers_firewall.go:232.16,233.15 1 0
github.com/unifi-go/gofi/mock/handlers_firewall.go:233.15,235.4 1 0
github.com/unifi-go/gofi/mock/handlers_firewall.go:235.9,237.4 1 0
github.com/unifi-go/gofi/mock/handlers_firewall.go:238.10,239.19 1 0
github.com/unifi-go/gofi/mock/handlers_firewall.go:244.96,248.31 3 1
github.com/unifi-go/gofi/mock/handlers_firewall.go:248.31,250.3 1 1
github.com/unifi-go/gofi/mock/handlers_firewall.go:252.2,252.27 1 1
github.com/unifi-go/gofi/mock/handlers_firewall.go:256.98,258.18 2 0
github.com/unifi-go/gofi/mock/handlers_firewall.go:258.18,261.3 2 0
github.com/unifi-go/gofi/mock/handlers_firewall.go:263.2,263.44 1 0
github.com/unifi-go/gofi/mock/handlers_firewall.go:267.97,269.63 2 0
github.com/unifi-go/gofi/mock/handlers_firewall.go:269.63,272.3 2 0
github.com/unifi-go/gofi/mock/handlers_firewall.go:275.2,275.22 1 0
github.com/unifi-go/gofi/mock/handlers_firewall.go:275.22,278.3 2 0
github.com/unifi-go/gofi/mock/handlers_firewall.go:281.2,281.20 1 0
github.com/unifi-go/gofi/mock/handlers_firewall.go:281.20,283.3 1 0
github.com/unifi-go/gofi/mock/handlers_firewall.go:284.2,288.43 3 0
github.com/unifi-go/gofi/mock/handlers_firewall.go:292.101,294.21 2 0
github.com/unifi-go/gofi/mock/handlers_firewall.go:294.21,297.3 2 0
github.com/unifi-go/gofi/mock/handlers_firewall.go:299.2,300.63 2 0
github.com/unifi-go/gofi/mock/handlers_firewall.go:300.63,303.3 2 0
github.com/unifi-go/gofi/mock/handlers_firewall.go:306.2,311.43 4 0
github.com/unifi-go/gofi/mock/handlers_firewall.go:315.101,317.21 2 0
github.com/unifi-go/gofi/mock/handlers_firewall.go:317.21,320.3 2 0
github.com/unifi-go/gofi/mock/handlers_firewall.go:322.2,324.38 2 0
github.com/unifi-go/gofi/mock/handlers_network.go:12.86,16.50 2 0
github.com/unifi-go/gofi/mock/handlers_network.go:16.50,19.30 2 0
github.com/unifi-go/gofi/mock/handlers_network.go:19.30,20.49 1 0
github.com/unifi-go/gofi/mock/handlers_network.go:20.49,22.21 2 0
github.com/unifi-go/gofi/mock/handlers_network.go:23.16,24.40 1 0
github.com/unifi-go/gofi/mock/handlers_network.go:25.16,26.43 1 0
github.com/unifi-go/gofi/mock/handlers_network.go:27.19,28.43 1 0
github.com/unifi-go/gofi/mock/handlers_network.go:29.13,30.46 1 0
github.com/unifi-go/gofi/mock/handlers_network.go:32.5,32.11 1 0
github.com/unifi-go/gofi/mock/handlers_network.go:38.2,38.50 1 0
github.com/unifi-go/gofi/mock/handlers_network.go:38.50,39.19 1 0
github.com/unifi-go/gofi/mock/handlers_network.go:40.14,41.36 1 0
github.com/unifi-go/gofi/mock/handlers_network.go:42.15,43.37 1 0
github.com/unifi-go/gofi/mock/handlers_network.go:44.11,45.44 1 0
github.com/unifi-go/gofi/mock/handlers_network.go:47.3,47.9 1 0
github.com/unifi-go/gofi/mock/handlers_network.go:50.2,50.18 1 0
github.com/unifi-go/gofi/mock/handlers_network.go:54.90,59.35 3 0
github.com/unifi-go/gofi/mock/handlers_network.go:59.35,61.3 1 0
github.com/unifi-go/gofi/mock/handlers_network.go:63.2,63.27 1 0
github.com/unifi-go/gofi/mock/handlers_network.go:67.92,69.13 2 0
github.com/unifi-go/gofi/mock/handlers_network.go:69.13,72.3 2 0
github.com/unifi-go/gofi/mock/handlers_network.go:74.2,74.46 1 0
github.com/unifi-go/gofi/mock/handlers_network.go:78.91,80.65 2 0
github.com/unifi-go/gofi/mock/handlers_network.go:80.65,83.3 2 0
github.com/unifi-go/gofi/mock/handlers_network.go:86.2,86.22 1 0
github.com/unifi-go/gofi/mock/handlers_network.go:86.22,88.3 1 0
github.com/unifi-go/gofi/mock/handlers_network.go:89.2,93.45 3 0
github.com/unifi-go/gofi/mock/handlers_network.go:97.95,100.13 2 0
github.com/unifi-go/gofi/mock/handlers_network.go:100.13,103.3 2 0
github.com/unifi-go/gofi/mock/handlers_network.go:106.2,107.67 2 0
github.com/unifi-go/gofi/mock/handlers_network.go:107.67,110.3 2 0
github.com/unifi-go/gofi/mock/handlers_network.go:113.2,119.47 4 0
github.com/unifi-go/gofi/mock/handlers_network.go:123.95,125.13 2 0
github.com/unifi-go/gofi/mock/handlers_network.go:125.13,128.3 2 0
github.com/unifi-go/gofi/mock/handlers_network.go:130.2,132.38 2 0
github.com/unifi-go/gofi/mock/handlers_port.go:12.83,16.49 2 1
github.com/unifi-go/gofi/mock/handlers_port.go:16.49,19.3 2 1
github.com/unifi-go/gofi/mock/handlers_port.go:22.2,22.46 1 1
github.com/unifi-go/gofi/mock/handlers_port.go:22.46,25.3 2 1
github.com/unifi-go/gofi/mock/handlers_port.go:27.2,27.18 1 0
github.com/unifi-go/gofi/mock/handlers_port.go:31.89,35.29 4 1
github.com/unifi-go/gofi/mock/handlers_port.go:35.29,36.68 1 1
github.com/unifi-go/gofi/mock/handlers_port.go:36.68,38.9 2 0
github.com/unifi-go/gofi/mock/handlers_port.go:42.2,42.18 1 1
github.com/unifi-go/gofi/mock/handlers_port.go:43.13,44.15 1 1
github.com/unifi-go/gofi/mock/handlers_port.go:44.15,46.4 1 0
github.com/unifi-go/gofi/mock/handlers_port.go:46.9,48.4 1 1
github.com/unifi-go/gofi/mock/handlers_port.go:49.14,50.40 1 1
github.com/unifi-go/gofi/mock/handlers_port.go:51.13,52.15 1 0
github.com/unifi-go/gofi/mock/handlers_port.go:52.15,54.4 1 0
github.com/unifi-go/gofi/mock/handlers_port.go:54.9,56.4 1 0
github.com/unifi-go/gofi/mock/handlers_port.go:57.16,58.15 1 0
github.com/unifi-go/gofi/mock/handlers_port.go:58.15,60.4 1 0
github.com/unifi-go/gofi/mock/handlers_port.go:60.9,62.4 1 0
github.com/unifi-go/gofi/mock/handlers_port.go:63.10,64.19 1 0
github.com/unifi-go/gofi/mock/handlers_port.go:69.94,73.35 3 1
github.com/unifi-go/gofi/mock/handlers_port.go:73.35,75.3 1 1
github.com/unifi-go/gofi/mock/handlers_port.go:77.2,77.27 1 1
github.com/unifi-go/gofi/mock/handlers_port.go:81.96,83.20 2 0
github.com/unifi-go/gofi/mock/handlers_port.go:83.20,86.3 2 0
github.com/unifi-go/gofi/mock/handlers_port.go:88.2,88.46 1 0
github.com/unifi-go/gofi/mock/handlers_port.go:92.95,94.65 2 1
github.com/unifi-go/gofi/mock/handlers_port.go:94.65,97.3 2 0
github.com/unifi-go/gofi/mock/handlers_port.go:100.2,100.22 1 1
github.com/unifi-go/gofi/mock/handlers_port.go:100.22,102.3 1 1
github.com/unifi-go/gofi/mock/handlers_port.go:105.2,105.26 1 1
github.com/unifi-go/gofi/mock/handlers_port.go:105.26,107.3 1 1
github.com/unifi-go/gofi/mock/handlers_port.go:109.2,110.45 2 1
github.com/unifi-go/gofi/mock/handlers_port.go:114.99,116.21 2 0
github.com/unifi-go/gofi/mock/handlers_port.go:116.21,119.3 2 0
github.com/unifi-go/gofi/mock/handlers_port.go:121.2,122.65 2 0
github.com/unifi-go/gofi/mock/handlers_port.go:122.65,125.3 2 0
github.com/unifi-go/gofi/mock/handlers_port.go:128.2,132.45 4 0
github.com/unifi-go/gofi/mock/handlers_port.go:136.99,137.39 1 0
github.com/unifi-go/gofi/mock/handlers_port.go:137.39,140.3 2 0
github.com/unifi-go/gofi/mock/handlers_port.go:142.2,143.38 2 0
github.com/unifi-go/gofi/mock/handlers_port.go:147.89,151.29 4 1
github.com/unifi-go/gofi/mock/handlers_port.go:151.29,152.65 1 1
github.com/unifi-go/gofi/mock/handlers_port.go:152.65,154.9 2 1
github.com/unifi-go/gofi/mock/handlers_port.go:158.2,158.18 1 1
github.com/unifi-go/gofi/mock/handlers_port.go:159.13,160.15 1 1
github.com/unifi-go/gofi/mock/handlers_port.go:160.15,162.4 1 1
github.com/unifi-go/gofi/mock/handlers_port.go:162.9,164.4 1 1
github.com/unifi-go/gofi/mock/handlers_port.go:165.14,166.40 1 1
github.com/unifi-go/gofi/mock/handlers_port.go:167.13,168.15 1 1
github.com/unifi-go/gofi/mock/handlers_port.go:168.15,170.4 1 1
github.com/unifi-go/gofi/mock/handlers_port.go:170.9,172.4 1 0
github.com/unifi-go/gofi/mock/handlers_port.go:173.16,174.15 1 1
github.com/unifi-go/gofi/mock/handlers_port.go:174.15,176.4 1 1
github.com/unifi-go/gofi/mock/handlers_port.go:176.9,178.4 1 0
github.com/unifi-go/gofi/mock/handlers_port.go:179.10,180.19 1 0
github.com/unifi-go/gofi/mock/handlers_port.go:185.94,189.35 3 1
github.com/unifi-go/gofi/mock/handlers_port.go:189.35,191.3 1 1
github.com/unifi-go/gofi/mock/handlers_port.go:193.2,193.27 1 1
github.com/unifi-go/gofi/mock/handlers_port.go:197.96,199.20 2 1
github.com/unifi-go/gofi/mock/handlers_port.go:199.20,202.3 2 0
github.com/unifi-go/gofi/mock/handlers_port.go:204.2,204.46 1 1
github.com/unifi-go/gofi/mock/handlers_port.go:208.95,210.65 2 1
github.com/unifi-go/gofi/mock/handlers_port.go:210.65,213.3 2 0
github.com/unifi-go/gofi/mock/handlers_port.go:216.2,216.22 1 1
github.com/unifi-go/gofi/mock/handlers_port.go:216.22,218.3 1 1
github.com/unifi-go/gofi/mock/handlers_port.go:221.2,221.26 1 1
github.com/unifi-go/gofi/mock/handlers_port.go:221.26,223.3 1 1
github.com/unifi-go/gofi/mock/handlers_port.go:225.2,226.45 2 1
github.com/unifi-go/gofi/mock/handlers_port.go:230.99,232.21 2 1
github.com/unifi-go/gofi/mock/handlers_port.go:232.21,235.3 2 0
github.com/unifi-go/gofi/mock/handlers_port.go:237.2,238.65 2 1
github.com/unifi-go/gofi/mock/handlers_port.go:238.65,241.3 2 0
github.com/unifi-go/gofi/mock/handlers_port.go:244.2,248.45 4 1
github.com/unifi-go/gofi/mock/handlers_port.go:252.99,253.39 1 1
github.com/unifi-go/gofi/mock/handlers_port.go:253.39,256.3 2 0
github.com/unifi-go/gofi/mock/handlers_port.go:258.2,259.38 2 1
github.com/unifi-go/gofi/mock/handlers_routing.go:12.85,16.45 2 1
github.com/unifi-go/gofi/mock/handlers_routing.go:16.45,19.30 3 1
github.com/unifi-go/gofi/mock/handlers_routing.go:19.30,20.65 1 1
github.com/unifi-go/gofi/mock/handlers_routing.go:20.65,22.10 2 1
github.com/unifi-go/gofi/mock/handlers_routing.go:26.3,26.19 1 1
github.com/unifi-go/gofi/mock/handlers_routing.go:27.14,28.16 1 1
github.com/unifi-go/gofi/mock/handlers_routing.go:28.16,30.5 1 1
github.com/unifi-go/gofi/mock/handlers_routing.go:30.10,32.5 1 1
github.com/unifi-go/gofi/mock/handlers_routing.go:33.15,34.35 1 1
github.com/unifi-go/gofi/mock/handlers_routing.go:35.14,36.16 1 1
github.com/unifi-go/gofi/mock/handlers_routing.go:36.16,38.5 1 1
github.com/unifi-go/gofi/mock/handlers_routing.go:38.10,40.5 1 0
github.com/unifi-go/gofi/mock/handlers_routing.go:41.17,42.16 1 1
github.com/unifi-go/gofi/mock/handlers_routing.go:42.16,44.5 1 1
github.com/unifi-go/gofi/mock/handlers_routing.go:44.10,46.5 1 0
github.com/unifi-go/gofi/mock/handlers_routing.go:47.11,48.20 1 0
github.com/unifi-go/gofi/mock/handlers_routing.go:50.3,50.9 1 1
github.com/unifi-go/gofi/mock/handlers_routing.go:53.2,53.18 1 0
github.com/unifi-go/gofi/mock/handlers_routing.go:57.88,61.31 3 1
github.com/unifi-go/gofi/mock/handlers_routing.go:61.31,63.3 1 1
github.com/unifi-go/gofi/mock/handlers_routing.go:65.2,65.27 1 1
github.com/unifi-go/gofi/mock/handlers_routing.go:69.90,71.18 2 1
github.com/unifi-go/gofi/mock/handlers_routing.go:71.18,74.3 2 0
github.com/unifi-go/gofi/mock/handlers_routing.go:76.2,76.44 1 1
github.com/unifi-go/gofi/mock/handlers_routing.go:80.89,82.63 2 1
github.com/unifi-go/gofi/mock/handlers_routing.go:82.63,85.3 2 0
github.com/unifi-go/gofi/mock/handlers_routing.go:88.2,88.20 1 1
github.com/unifi-go/gofi/mock/handlers_routing.go:88.20,90.3 1 1
github.com/unifi-go/gofi/mock/handlers_routing.go:93.2,93.24 1 1
github.com/unifi-go/gofi/mock/handlers_routing.go:93.24,95.3 1 1
github.com/unifi-go/gofi/mock/handlers_routing.go:97.2,98.43 2 1
github.com/unifi-go/gofi/mock/handlers_routing.go:102.93,104.21 2 1
github.com/unifi-go/gofi/mock/handlers_routing.go:104.21,107.3 2 0
github.com/unifi-go/gofi/mock/handlers_routing.go:109.2,110.63 2 1
github.com/unifi-go/gofi/mock/handlers_routing.go:110.63,113.3 2 0
github.com/unifi-go/gofi/mock/handlers_routing.go:116.2,120.43 4 1
github.com/unifi-go/gofi/mock/handlers_routing.go:124.93,125.33 1 1
github.com/unifi-go/gofi/mock/handlers_routing.go:125.33,128.3 2 0
github.com/unifi-go/gofi/mock/handlers_routing.go:130.2,131.38 2 1
github.com/unifi-go/gofi/mock/handlers_setting.go:12.86,16.51 2 1
github.com/unifi-go/gofi/mock/handlers_setting.go:16.51,19.3 2 1
github.com/unifi-go/gofi/mock/handlers_setting.go:22.2,22.48 1 1
github.com/unifi-go/gofi/mock/handlers_setting.go:22.48,25.3 2 1
github.com/unifi-go/gofi/mock/handlers_setting.go:28.2,28.45 1 1
github.com/unifi-go/gofi/mock/handlers_setting.go:28.45,31.30 3 1
github.com/unifi-go/gofi/mock/handlers_setting.go:31.30,32.65 1 1
github.com/unifi-go/gofi/mock/handlers_setting.go:32.65,34.10 2 1
github.com/unifi-go/gofi/mock/handlers_setting.go:38.3,38.19 1 1
github.com/unifi-go/gofi/mock/handlers_setting.go:39.14,40.39 1 1
github.com/unifi-go/gofi/mock/handlers_setting.go:41.14,42.42 1 1
github.com/unifi-go/gofi/mock/handlers_setting.go:43.11,44.20 1 0
github.com/unifi-go/gofi/mock/handlers_setting.go:46.3,46.9 1 1
github.com/unifi-go/gofi/mock/handlers_setting.go:49.2,49.18 1 0
github.com/unifi-go/gofi/mock/handlers_setting.go:53.93,55.20 2 1
github.com/unifi-go/gofi/mock/handlers_setting.go:55.20,58.3 2 0
github.com/unifi-go/gofi/mock/handlers_setting.go:60.2,60.46 1 1
github.com/unifi-go/gofi/mock/handlers_setting.go:64.96,66.65 2 1
github.com/unifi-go/gofi/mock/handlers_setting.go:66.65,69.3 2 0
github.com/unifi-go/gofi/mock/handlers_setting.go:72.2,75.26 2 1
github.com/unifi-go/gofi/mock/handlers_setting.go:75.26,77.3 1 0
github.com/unifi-go/gofi/mock/handlers_setting.go:79.2,80.45 2 1
github.com/unifi-go/gofi/mock/handlers_setting.go:84.92,88.29 4 1
github.com/unifi-go/gofi/mock/handlers_setting.go:88.29,89.70 1 1
github.com/unifi-go/gofi/mock/handlers_setting.go:89.70,91.9 2 0
github.com/unifi-go/gofi/mock/handlers_setting.go:95.2,95.18 1 1
github.com/unifi-go/gofi/mock/handlers_setting.go:96.13,97.15 1 1
github.com/unifi-go/gofi/mock/handlers_setting.go:97.15,99.4 1 0
github.com/unifi-go/gofi/mock/handlers_setting.go:99.9,101.4 1 1
github.com/unifi-go/gofi/mock/handlers_setting.go:102.14,103.42 1 1
github.com/unifi-go/gofi/mock/handlers_setting.go:104.13,105.15 1 0
github.com/unifi-go/gofi/mock/handlers_setting.go:105.15,107.4 1 0
github.com/unifi-go/gofi/mock/handlers_setting.go:107.9,109.4 1 0
github.com/unifi-go/gofi/mock/handlers_setting.go:110.16,111.15 1 0
github.com/unifi-go/gofi/mock/handlers_setting.go:111.15,113.4 1 0
github.com/unifi-go/gofi/mock/handlers_setting.go:113.9,115.4 1 0
github.com/unifi-go/gofi/mock/handlers_setting.go:116.10,117.19 1 0
github.com/unifi-go/gofi/mock/handlers_setting.go:122.96,126.35 3 1
github.com/unifi-go/gofi/mock/handlers_setting.go:126.35,128.3 1 1
github.com/unifi-go/gofi/mock/handlers_setting.go:130.2,130.27 1 1
github.com/unifi-go/gofi/mock/handlers_setting.go:134.98,136.20 2 0
github.com/unifi-go/gofi/mock/handlers_setting.go:136.20,139.3 2 0
github.com/unifi-go/gofi/mock/handlers_setting.go:141.2,141.46 1 0
github.com/unifi-go/gofi/mock/handlers_setting.go:145.97,147.65 2 1
github.com/unifi-go/gofi/mock/handlers_setting.go:147.65,150.3 2 0
github.com/unifi-go/gofi/mock/handlers_setting.go:153.2,153.22 1 1
github.com/unifi-go/gofi/mock/handlers_setting.go:153.22,155.3 1 1
github.com/unifi-go/gofi/mock/handlers_setting.go:158.2,158.26 1 1
github.com/unifi-go/gofi/mock/handlers_setting.go:158.26,160.3 1 1
github.com/unifi-go/gofi/mock/handlers_setting.go:162.2,163.45 2 1
github.com/unifi-go/gofi/mock/handlers_setting.go:167.101,169.21 2 0
github.com/unifi-go/gofi/mock/handlers_setting.go:169.21,172.3 2 0
github.com/unifi-go/gofi/mock/handlers_setting.go:174.2,175.65 2 0
github.com/unifi-go/gofi/mock/handlers_setting.go:175.65,178.3 2 0
github.com/unifi-go/gofi/mock/handlers_setting.go:181.2,185.45 4 0
github.com/unifi-go/gofi/mock/handlers_setting.go:189.101,190.41 1 0
github.com/unifi-go/gofi/mock/handlers_setting.go:190.41,193.3 2 0
github.com/unifi-go/gofi/mock/handlers_setting.go:195.2,196.38 2 0
github.com/unifi-go/gofi/mock/handlers_setting.go:200.88,201.18 1 1
github.com/unifi-go/gofi/mock/handlers_setting.go:202.13,203.36 1 1
github.com/unifi-go/gofi/mock/handlers_setting.go:204.13,205.39 1 1
github.com/unifi-go/gofi/mock/handlers_setting.go:206.10,207.19 1 0
github.com/unifi-go/gofi/mock/handlers_setting.go:212.91,214.17 2 1
github.com/unifi-go/gofi/mock/handlers_setting.go:214.17,218.3 2 0
github.com/unifi-go/gofi/mock/handlers_setting.go:220.2,220.43 1 1
github.com/unifi-go/gofi/mock/handlers_setting.go:224.94,226.62 2 1
github.com/unifi-go/gofi/mock/handlers_setting.go:226.62,229.3 2 0
github.com/unifi-go/gofi/mock/handlers_setting.go:232.2,232.19 1 1
github.com/unifi-go/gofi/mock/handlers_setting.go:232.19,234.3 1 1
github.com/unifi-go/gofi/mock/handlers_setting.go:237.2,237.23 1 1
github.com/unifi-go/gofi/mock/handlers_setting.go:237.23,239.3 1 1
github.com/unifi-go/gofi/mock/handlers_setting.go:241.2,242.42 2 1
github.com/unifi-go/gofi/mock/handlers_site.go:12.83,16.48 2 1
github.com/unifi-go/gofi/mock/handlers_site.go:16.48,17.24 1 1
github.com/unifi-go/gofi/mock/handlers_site.go:17.24,19.4 1 1
github.com/unifi-go/gofi/mock/handlers_site.go:19.9,19.32 1 1
github.com/unifi-go/gofi/mock/handlers_site.go:19.32,21.4 1 1
github.com/unifi-go/gofi/mock/handlers_site.go:21.9,23.4 1 0
github.com/unifi-go/gofi/mock/handlers_site.go:24.3,24.9 1 1
github.com/unifi-go/gofi/mock/handlers_site.go:28.2,28.44 1 1
github.com/unifi-go/gofi/mock/handlers_site.go:28.44,31.30 2 1
github.com/unifi-go/gofi/mock/handlers_site.go:31.30,32.39 1 1
github.com/unifi-go/gofi/mock/handlers_site.go:32.39,34.10 2 1
github.com/unifi-go/gofi/mock/handlers_site.go:37.3,38.9 2 1
github.com/unifi-go/gofi/mock/handlers_site.go:42.2,42.45 1 1
github.com/unifi-go/gofi/mock/handlers_site.go:42.45,45.30 2 1
github.com/unifi-go/gofi/mock/handlers_site.go:45.30,46.39 1 1
github.com/unifi-go/gofi/mock/handlers_site.go:46.39,48.10 2 1
github.com/unifi-go/gofi/mock/handlers_site.go:51.3,52.9 2 1
github.com/unifi-go/gofi/mock/handlers_site.go:55.2,55.18 1 0
github.com/unifi-go/gofi/mock/handlers_site.go:59.74,60.23 1 1
github.com/unifi-go/gofi/mock/handlers_site.go:60.23,63.3 2 0
github.com/unifi-go/gofi/mock/handlers_site.go:65.2,69.29 3 1
github.com/unifi-go/gofi/mock/handlers_site.go:69.29,71.3 1 1
github.com/unifi-go/gofi/mock/handlers_site.go:73.2,73.27 1 1
github.com/unifi-go/gofi/mock/handlers_site.go:77.84,78.23 1 1
github.com/unifi-go/gofi/mock/handlers_site.go:78.23,81.3 2 0
github.com/unifi-go/gofi/mock/handlers_site.go:84.2,103.27 3 1
github.com/unifi-go/gofi/mock/handlers_site.go:103.27,105.3 1 1
github.com/unifi-go/gofi/mock/handlers_site.go:107.2,107.27 1 1
github.com/unifi-go/gofi/mock/handlers_site.go:111.85,112.23 1 1
github.com/unifi-go/gofi/mock/handlers_site.go:112.23,115.3 2 0
github.com/unifi-go/gofi/mock/handlers_site.go:117.2,125.30 2 1
github.com/unifi-go/gofi/mock/handlers_site.go:129.88,130.18 1 0
github.com/unifi-go/gofi/mock/handlers_site.go:131.13,132.19 1 0
github.com/unifi-go/gofi/mock/handlers_site.go:132.19,134.4 1 0
github.com/unifi-go/gofi/mock/handlers_site.go:134.9,136.4 1 0
github.com/unifi-go/gofi/mock/handlers_site.go:137.14,138.27 1 0
github.com/unifi-go/gofi/mock/handlers_site.go:139.13,140.35 1 0
github.com/unifi-go/gofi/mock/handlers_site.go:141.16,142.35 1 0
github.com/unifi-go/gofi/mock/handlers_site.go:143.10,144.43 1 0
github.com/unifi-go/gofi/mock/handlers_site.go:149.83,151.13 2 0
github.com/unifi-go/gofi/mock/handlers_site.go:151.13,154.3 2 0
github.com/unifi-go/gofi/mock/handlers_site.go:156.2,156.27 1 0
github.com/unifi-go/gofi/mock/handlers_site.go:160.75,162.61 2 1
github.com/unifi-go/gofi/mock/handlers_site.go:162.61,165.3 2 0
github.com/unifi-go/gofi/mock/handlers_site.go:168.2,169.14 2 1
github.com/unifi-go/gofi/mock/handlers_site.go:169.14,171.3 1 0
github.com/unifi-go/gofi/mock/handlers_site.go:174.2,182.27 3 1
github.com/unifi-go/gofi/mock/handlers_site.go:186.86,188.13 2 0
github.com/unifi-go/gofi/mock/handlers_site.go:188.13,191.3 2 0
github.com/unifi-go/gofi/mock/handlers_site.go:193.2,194.61 2 0
github.com/unifi-go/gofi/mock/handlers_site.go:194.61,197.3 2 0
github.com/unifi-go/gofi/mock/handlers_site.go:200.2,200.20 1 0
github.com/unifi-go/gofi/mock/handlers_site.go:200.20,202.3 1 0
github.com/unifi-go/gofi/mock/handlers_site.go:203.2,203.20 1 0
github.com/unifi-go/gofi/mock/handlers_site.go:203.20,205.3 1 0
github.com/unifi-go/gofi/mock/handlers_site.go:207.2,209.27 2 0
github.com/unifi-go/gofi/mock/handlers_site.go:213.86,214.21 1 0
github.com/unifi-go/gofi/mock/handlers_site.go:214.21,217.3 2 0
github.com/unifi-go/gofi/mock/handlers_site.go:219.2,220.13 2 0
github.com/unifi-go/gofi/mock/handlers_site.go:220.13,223.3 2 0
github.com/unifi-go/gofi/mock/handlers_site.go:225.2,227.42 2 0
github.com/unifi-go/gofi/mock/handlers_system.go:14.84,18.47 2 1
github.com/unifi-go/gofi/mock/handlers_system.go:18.47,21.3 2 1
github.com/unifi-go/gofi/mock/handlers_system.go:24.2,24.47 1 1
github.com/unifi-go/gofi/mock/handlers_system.go:24.47,27.3 2 1
github.com/unifi-go/gofi/mock/handlers_system.go:30.2,30.47 1 1
github.com/unifi-go/gofi/mock/handlers_system.go:30.47,33.3 2 1
github.com/unifi-go/gofi/mock/handlers_system.go:36.2,36.46 1 1
github.com/unifi-go/gofi/mock/handlers_system.go:36.46,39.3 2 1
github.com/unifi-go/gofi/mock/handlers_system.go:41.2,41.47 1 1
github.com/unifi-go/gofi/mock/handlers_system.go:41.47,44.3 2 1
github.com/unifi-go/gofi/mock/handlers_system.go:46.2,46.18 1 0
github.com/unifi-go/gofi/mock/handlers_system.go:50.71,51.24 1 1
github.com/unifi-go/gofi/mock/handlers_system.go:51.24,54.3 2 0
github.com/unifi-go/gofi/mock/handlers_system.go:58.2,58.19 1 1
github.com/unifi-go/gofi/mock/handlers_system.go:58.19,59.25 1 0
github.com/unifi-go/gofi/mock/handlers_system.go:59.25,62.4 2 0
github.com/unifi-go/gofi/mock/handlers_system.go:66.2,69.61 2 1
github.com/unifi-go/gofi/mock/handlers_system.go:69.61,72.3 2 0
github.com/unifi-go/gofi/mock/handlers_system.go:74.2,74.25 1 1
github.com/unifi-go/gofi/mock/handlers_system.go:74.25,77.3 2 0
github.com/unifi-go/gofi/mock/handlers_system.go:80.2,80.38 1 1
github.com/unifi-go/gofi/mock/handlers_system.go:84.72,88.29 4 1
github.com/unifi-go/gofi/mock/handlers_system.go:88.29,89.63 1 1
github.com/unifi-go/gofi/mock/handlers_system.go:89.63,91.9 2 1
github.com/unifi-go/gofi/mock/handlers_system.go:95.2,95.18 1 1
github.com/unifi-go/gofi/mock/handlers_system.go:96.13,97.27 1 1
github.com/unifi-go/gofi/mock/handlers_system.go:98.14,99.29 1 1
github.com/unifi-go/gofi/mock/handlers_system.go:100.16,101.21 1 1
github.com/unifi-go/gofi/mock/handlers_system.go:101.21,103.4 1 1
github.com/unifi-go/gofi/mock/handlers_system.go:103.9,105.4 1 0
github.com/unifi-go/gofi/mock/handlers_system.go:106.10,107.19 1 0
github.com/unifi-go/gofi/mock/handlers_system.go:112.75,116.33 3 1
github.com/unifi-go/gofi/mock/handlers_system.go:116.33,118.3 1 1
github.com/unifi-go/gofi/mock/handlers_system.go:120.2,120.27 1 1
github.com/unifi-go/gofi/mock/handlers_system.go:124.77,139.2 5 1
github.com/unifi-go/gofi/mock/handlers_system.go:142.94,145.2 2 1
github.com/unifi-go/gofi/mock/handlers_system.go:148.74,152.31 3 1
github.com/unifi-go/gofi/mock/handlers_system.go:152.31,154.3 1 1
github.com/unifi-go/gofi/mock/handlers_system.go:156.2,156.27 1 1
github.com/unifi-go/gofi/mock/handlers_system.go:160.87,161.24 1 1
github.com/unifi-go/gofi/mock/handlers_system.go:161.24,164.3 2 0
github.com/unifi-go/gofi/mock/handlers_system.go:167.2,169.38 2 1
github.com/unifi-go/gofi/mock/handlers_system.go:173.93,175.19 2 1
github.com/unifi-go/gofi/mock/handlers_system.go:175.19,179.3 2 0
github.com/unifi-go/gofi/mock/handlers_system.go:181.2,181.45 1 1
github.com/unifi-go/gofi/mock/handlers_traffic.go:12.90,18.29 4 1
github.com/unifi-go/gofi/mock/handlers_traffic.go:18.29,19.68 1 1
github.com/unifi-go/gofi/mock/handlers_traffic.go:19.68,21.9 2 1
github.com/unifi-go/gofi/mock/handlers_traffic.go:25.2,25.18 1 1
github.com/unifi-go/gofi/mock/handlers_traffic.go:26.13,27.15 1 1
github.com/unifi-go/gofi/mock/handlers_traffic.go:27.15,29.4 1 0
github.com/unifi-go/gofi/mock/handlers_traffic.go:29.9,31.4 1 1
github.com/unifi-go/gofi/mock/handlers_traffic.go:32.14,33.40 1 1
github.com/unifi-go/gofi/mock/handlers_traffic.go:34.13,35.15 1 1
github.com/unifi-go/gofi/mock/handlers_traffic.go:35.15,37.4 1 1
github.com/unifi-go/gofi/mock/handlers_traffic.go:37.9,39.4 1 0
github.com/unifi-go/gofi/mock/handlers_traffic.go:40.16,41.15 1 0
github.com/unifi-go/gofi/mock/handlers_traffic.go:41.15,43.4 1 0
github.com/unifi-go/gofi/mock/handlers_traffic.go:43.9,45.4 1 0
github.com/unifi-go/gofi/mock/handlers_traffic.go:46.10,47.19 1 0
github.com/unifi-go/gofi/mock/handlers_traffic.go:52.94,53.23 1 1
github.com/unifi-go/gofi/mock/handlers_traffic.go:53.23,56.3 2 0
github.com/unifi-go/gofi/mock/handlers_traffic.go:58.2,61.29 3 1
github.com/unifi-go/gofi/mock/handlers_traffic.go:61.29,63.3 1 1
github.com/unifi-go/gofi/mock/handlers_traffic.go:65.2,65.27 1 1
github.com/unifi-go/gofi/mock/handlers_traffic.go:69.96,70.23 1 0
github.com/unifi-go/gofi/mock/handlers_traffic.go:70.23,73.3 2 0
github.com/unifi-go/gofi/mock/handlers_traffic.go:75.2,76.17 2 0
github.com/unifi-go/gofi/mock/handlers_traffic.go:76.17,79.3 2 0
github.com/unifi-go/gofi/mock/handlers_traffic.go:81.2,81.43 1 0
github.com/unifi-go/gofi/mock/handlers_traffic.go:85.95,86.24 1 1
github.com/unifi-go/gofi/mock/handlers_traffic.go:86.24,89.3 2 0
github.com/unifi-go/gofi/mock/handlers_traffic.go:91.2,92.62 2 1
github.com/unifi-go/gofi/mock/handlers_traffic.go:92.62,95.3 2 0
github.com/unifi-go/gofi/mock/handlers_traffic.go:98.2,98.21 1 1
github.com/unifi-go/gofi/mock/handlers_traffic.go:98.21,101.3 2 0
github.com/unifi-go/gofi/mock/handlers_traffic.go:104.2,104.19 1 1
github.com/unifi-go/gofi/mock/handlers_traffic.go:104.19,106.3 1 1
github.com/unifi-go/gofi/mock/handlers_traffic.go:107.2,111.42 3 1
github.com/unifi-go/gofi/mock/handlers_traffic.go:116.99,117.23 1 1
github.com/unifi-go/gofi/mock/handlers_traffic.go:117.23,120.3 2 0
github.com/unifi-go/gofi/mock/handlers_traffic.go:122.2,123.21 2 1
github.com/unifi-go/gofi/mock/handlers_traffic.go:123.21,126.3 2 0
github.com/unifi-go/gofi/mock/handlers_traffic.go:128.2,129.62 2 1
github.com/unifi-go/gofi/mock/handlers_traffic.go:129.62,132.3 2 0
github.com/unifi-go/gofi/mock/handlers_traffic.go:135.2,141.72 4 1
github.com/unifi-go/gofi/mock/handlers_traffic.go:145.99,146.26 1 0
github.com/unifi-go/gofi/mock/handlers_traffic.go:146.26,149.3 2 0
github.com/unifi-go/gofi/mock/handlers_traffic.go:151.2,152.21 2 0
github.com/unifi-go/gofi/mock/handlers_traffic.go:152.21,155.3 2 0
github.com/unifi-go/gofi/mock/handlers_traffic.go:157.2,159.38 2 0
github.com/unifi-go/gofi/mock/handlers_user.go:12.83,16.47 2 0
github.com/unifi-go/gofi/mock/handlers_user.go:16.47,19.3 2 0
github.com/unifi-go/gofi/mock/handlers_user.go:22.2,22.42 1 0
github.com/unifi-go/gofi/mock/handlers_user.go:22.42,25.30 3 0
github.com/unifi-go/gofi/mock/handlers_user.go:25.30,26.62 1 0
github.com/unifi-go/gofi/mock/handlers_user.go:26.62,28.10 2 0
github.com/unifi-go/gofi/mock/handlers_user.go:32.3,32.19 1 0
github.com/unifi-go/gofi/mock/handlers_user.go:33.14,34.16 1 0
github.com/unifi-go/gofi/mock/handlers_user.go:34.16,36.5 1 0
github.com/unifi-go/gofi/mock/handlers_user.go:36.10,38.5 1 0
github.com/unifi-go/gofi/mock/handlers_user.go:39.15,40.34 1 0
github.com/unifi-go/gofi/mock/handlers_user.go:41.14,42.16 1 0
github.com/unifi-go/gofi/mock/handlers_user.go:42.16,44.5 1 0
github.com/unifi-go/gofi/mock/handlers_user.go:44.10,46.5 1 0
github.com/unifi-go/gofi/mock/handlers_user.go:47.17,48.16 1 0
github.com/unifi-go/gofi/mock/handlers_user.go:48.16,50.5 1 0
github.com/unifi-go/gofi/mock/handlers_user.go:50.10,52.5 1 0
github.com/unifi-go/gofi/mock/handlers_user.go:53.11,54.20 1 0
github.com/unifi-go/gofi/mock/handlers_user.go:56.3,56.9 1 0
github.com/unifi-go/gofi/mock/handlers_user.go:59.2,59.18 1 0
github.com/unifi-go/gofi/mock/handlers_user.go:63.87,67.29 3 0
github.com/unifi-go/gofi/mock/handlers_user.go:67.29,69.3 1 0
github.com/unifi-go/gofi/mock/handlers_user.go:71.2,71.27 1 0
github.com/unifi-go/gofi/mock/handlers_user.go:75.89,77.17 2 0
github.com/unifi-go/gofi/mock/handlers_user.go:77.17,80.3 2 0
github.com/unifi-go/gofi/mock/handlers_user.go:82.2,82.43 1 0
github.com/unifi-go/gofi/mock/handlers_user.go:86.88,88.62 2 0
github.com/unifi-go/gofi/mock/handlers_user.go:88.62,91.3 2 0
github.com/unifi-go/gofi/mock/handlers_user.go:94.2,94.19 1 0
github.com/unifi-go/gofi/mock/handlers_user.go:94.19,96.3 1 0
github.com/unifi-go/gofi/mock/handlers_user.go:99.2,99.23 1 0
github.com/unifi-go/gofi/mock/handlers_user.go:99.23,101.3 1 0
github.com/unifi-go/gofi/mock/handlers_user.go:103.2,105.42 2 0
github.com/unifi-go/gofi/mock/handlers_user.go:109.92,111.21 2 0
github.com/unifi-go/gofi/mock/handlers_user.go:111.21,114.3 2 0
github.com/unifi-go/gofi/mock/handlers_user.go:116.2,117.62 2 0
github.com/unifi-go/gofi/mock/handlers_user.go:117.62,120.3 2 0
github.com/unifi-go/gofi/mock/handlers_user.go:123.2,128.42 4 0
github.com/unifi-go/gofi/mock/handlers_user.go:132.92,134.17 2 0
github.com/unifi-go/gofi/mock/handlers_user.go:134.17,137.3 2 0
github.com/unifi-go/gofi/mock/handlers_user.go:139.2,141.38 2 0
github.com/unifi-go/gofi/mock/handlers_user.go:145.88,151.29 4 0
github.com/unifi-go/gofi/mock/handlers_user.go:151.29,152.66 1 0
github.com/unifi-go/gofi/mock/handlers_user.go:152.66,154.9 2 0
github.com/unifi-go/gofi/mock/handlers_user.go:158.2,158.18 1 0
github.com/unifi-go/gofi/mock/handlers_user.go:159.13,160.15 1 0
github.com/unifi-go/gofi/mock/handlers_user.go:160.15,162.4 1 0
github.com/unifi-go/gofi/mock/handlers_user.go:162.9,164.4 1 0
github.com/unifi-go/gofi/mock/handlers_user.go:165.14,166.38 1 0
github.com/unifi-go/gofi/mock/handlers_user.go:167.13,168.15 1 0
github.com/unifi-go/gofi/mock/handlers_user.go:168.15,170.4 1 0
github.com/unifi-go/gofi/mock/handlers_user.go:170.9,172.4 1 0
github.com/unifi-go/gofi/mock/handlers_user.go:173.16,174.15 1 0
github.com/unifi-go/gofi/mock/handlers_user.go:174.15,176.4 1 0
github.com/unifi-go/gofi/mock/handlers_user.go:176.9,178.4 1 0
github.com/unifi-go/gofi/mock/handlers_user.go:179.10,180.19 1 0
github.com/unifi-go/gofi/mock/handlers_user.go:185.92,189.31 3 0
github.com/unifi-go/gofi/mock/handlers_user.go:189.31,191.3 1 0
github.com/unifi-go/gofi/mock/handlers_user.go:193.2,193.27 1 0
github.com/unifi-go/gofi/mock/handlers_user.go:197.94,199.18 2 0
github.com/unifi-go/gofi/mock/handlers_user.go:199.18,202.3 2 0
github.com/unifi-go/gofi/mock/handlers_user.go:204.2,204.44 1 0
github.com/unifi-go/gofi/mock/handlers_user.go:208.93,210.63 2 0
github.com/unifi-go/gofi/mock/handlers_user.go:210.63,213.3 2 0
github.com/unifi-go/gofi/mock/handlers_user.go:216.2,216.20 1 0
github.com/unifi-go/gofi/mock/handlers_user.go:216.20,218.3 1 0
github.com/unifi-go/gofi/mock/handlers_user.go:221.2,221.24 1 0
github.com/unifi-go/gofi/mock/handlers_user.go:221.24,223.3 1 0
github.com/unifi-go/gofi/mock/handlers_user.go:225.2,227.43 2 0
github.com/unifi-go/gofi/mock/handlers_user.go:231.97,233.21 2 0
github.com/unifi-go/gofi/mock/handlers_user.go:233.21,236.3 2 0
github.com/unifi-go/gofi/mock/handlers_user.go:238.2,239.63 2 0
github.com/unifi-go/gofi/mock/handlers_user.go:239.63,242.3 2 0
github.com/unifi-go/gofi/mock/handlers_user.go:245.2,250.43 4 0
github.com/unifi-go/gofi/mock/handlers_user.go:254.97,256.18 2 0
github.com/unifi-go/gofi/mock/handlers_user.go:256.18,259.3 2 0
github.com/unifi-go/gofi/mock/handlers_user.go:261.2,263.38 2 0
github.com/unifi-go/gofi/mock/handlers_websocket.go:14.42,16.3 1 0
github.com/unifi-go/gofi/mock/handlers_websocket.go:25.74,30.16 3 0
github.com/unifi-go/gofi/mock/handlers_websocket.go:30.16,32.3 1 0
github.com/unifi-go/gofi/mock/handlers_websocket.go:34.2,43.6 4 0
github.com/unifi-go/gofi/mock/handlers_websocket.go:43.6,45.17 2 0
github.com/unifi-go/gofi/mock/handlers_websocket.go:45.17,46.9 1 0
github.com/unifi-go/gofi/mock/handlers_websocket.go:56.61,60.2 3 0
github.com/unifi-go/gofi/mock/handlers_websocket.go:62.64,66.2 3 0
github.com/unifi-go/gofi/mock/handlers_websocket.go:69.53,72.34 3 0
github.com/unifi-go/gofi/mock/handlers_websocket.go:72.34,74.3 1 0
github.com/unifi-go/gofi/mock/handlers_websocket.go:75.2,78.16 3 0
github.com/unifi-go/gofi/mock/handlers_websocket.go:78.16,80.3 1 0
github.com/unifi-go/gofi/mock/handlers_websocket.go:82.2,82.35 1 0
github.com/unifi-go/gofi/mock/handlers_websocket.go:82.35,84.51 1 0
github.com/unifi-go/gofi/mock/handlers_websocket.go:84.51,86.4 1 0
github.com/unifi-go/gofi/mock/handlers_websocket.go:91.75,99.2 2 0
github.com/unifi-go/gofi/mock/handlers_websocket.go:102.61,110.2 2 0
github.com/unifi-go/gofi/mock/handlers_websocket.go:113.74,121.2 2 0
github.com/unifi-go/gofi/mock/handlers_websocket.go:124.65,132.2 2 0
github.com/unifi-go/gofi/mock/handlers_websocket.go:134.46,137.29 2 0
github.com/unifi-go/gofi/mock/handlers_websocket.go:137.29,138.38 1 0
github.com/unifi-go/gofi/mock/handlers_websocket.go:138.38,140.4 1 0
github.com/unifi-go/gofi/mock/handlers_websocket.go:142.2,142.18 1 0
github.com/unifi-go/gofi/mock/handlers_wlan.go:12.83,16.47 2 1
github.com/unifi-go/gofi/mock/handlers_wlan.go:16.47,19.3 2 1
github.com/unifi-go/gofi/mock/handlers_wlan.go:22.2,22.46 1 1
github.com/unifi-go/gofi/mock/handlers_wlan.go:22.46,26.30 3 1
github.com/unifi-go/gofi/mock/handlers_wlan.go:26.30,27.66 1 1
github.com/unifi-go/gofi/mock/handlers_wlan.go:27.66,29.10 2 1
github.com/unifi-go/gofi/mock/handlers_wlan.go:33.3,33.19 1 1
github.com/unifi-go/gofi/mock/handlers_wlan.go:34.14,35.16 1 1
github.com/unifi-go/gofi/mock/handlers_wlan.go:35.16,37.5 1 1
github.com/unifi-go/gofi/mock/handlers_wlan.go:37.10,39.5 1 1
github.com/unifi-go/gofi/mock/handlers_wlan.go:40.15,41.34 1 1
github.com/unifi-go/gofi/mock/handlers_wlan.go:42.14,43.16 1 1
github.com/unifi-go/gofi/mock/handlers_wlan.go:43.16,45.5 1 1
github.com/unifi-go/gofi/mock/handlers_wlan.go:45.10,47.5 1 0
github.com/unifi-go/gofi/mock/handlers_wlan.go:48.17,49.16 1 1
github.com/unifi-go/gofi/mock/handlers_wlan.go:49.16,51.5 1 1
github.com/unifi-go/gofi/mock/handlers_wlan.go:51.10,53.5 1 0
github.com/unifi-go/gofi/mock/handlers_wlan.go:54.11,55.20 1 0
github.com/unifi-go/gofi/mock/handlers_wlan.go:57.3,57.9 1 1
github.com/unifi-go/gofi/mock/handlers_wlan.go:60.2,60.18 1 0
github.com/unifi-go/gofi/mock/handlers_wlan.go:64.87,65.23 1 1
github.com/unifi-go/gofi/mock/handlers_wlan.go:65.23,68.3 2 0
github.com/unifi-go/gofi/mock/handlers_wlan.go:70.2,73.29 3 1
github.com/unifi-go/gofi/mock/handlers_wlan.go:73.29,75.3 1 1
github.com/unifi-go/gofi/mock/handlers_wlan.go:77.2,77.27 1 1
github.com/unifi-go/gofi/mock/handlers_wlan.go:81.89,82.23 1 1
github.com/unifi-go/gofi/mock/handlers_wlan.go:82.23,85.3 2 0
github.com/unifi-go/gofi/mock/handlers_wlan.go:87.2,88.17 2 1
github.com/unifi-go/gofi/mock/handlers_wlan.go:88.17,91.3 2 1
github.com/unifi-go/gofi/mock/handlers_wlan.go:93.2,93.43 1 1
github.com/unifi-go/gofi/mock/handlers_wlan.go:97.88,98.24 1 1
github.com/unifi-go/gofi/mock/handlers_wlan.go:98.24,101.3 2 0
github.com/unifi-go/gofi/mock/handlers_wlan.go:103.2,104.62 2 1
github.com/unifi-go/gofi/mock/handlers_wlan.go:104.62,107.3 2 0
github.com/unifi-go/gofi/mock/handlers_wlan.go:110.2,110.21 1 1
github.com/unifi-go/gofi/mock/handlers_wlan.go:110.21,113.3 2 0
github.com/unifi-go/gofi/mock/handlers_wlan.go:116.2,116.19 1 1
github.com/unifi-go/gofi/mock/handlers_wlan.go:116.19,118.3 1 1
github.com/unifi-go/gofi/mock/handlers_wlan.go:119.2,123.42 3 1
github.com/unifi-go/gofi/mock/handlers_wlan.go:127.92,128.23 1 1
github.com/unifi-go/gofi/mock/handlers_wlan.go:128.23,131.3 2 0
github.com/unifi-go/gofi/mock/handlers_wlan.go:133.2,134.21 2 1
github.com/unifi-go/gofi/mock/handlers_wlan.go:134.21,137.3 2 0
github.com/unifi-go/gofi/mock/handlers_wlan.go:139.2,140.62 2 1
github.com/unifi-go/gofi/mock/handlers_wlan.go:140.62,143.3 2 0
github.com/unifi-go/gofi/mock/handlers_wlan.go:146.2,151.42 4 1
github.com/unifi-go/gofi/mock/handlers_wlan.go:155.92,156.26 1 1
github.com/unifi-go/gofi/mock/handlers_wlan.go:156.26,159.3 2 0
github.com/unifi-go/gofi/mock/handlers_wlan.go:161.2,162.21 2 1
github.com/unifi-go/gofi/mock/handlers_wlan.go:162.21,165.3 2 0
github.com/unifi-go/gofi/mock/handlers_wlan.go:167.2,169.38 2 1
github.com/unifi-go/gofi/mock/handlers_wlan.go:173.88,179.29 4 1
github.com/unifi-go/gofi/mock/handlers_wlan.go:179.29,180.66 1 1
github.com/unifi-go/gofi/mock/handlers_wlan.go:180.66,182.9 2 1
github.com/unifi-go/gofi/mock/handlers_wlan.go:186.2,186.18 1 1
github.com/unifi-go/gofi/mock/handlers_wlan.go:187.13,188.15 1 1
github.com/unifi-go/gofi/mock/handlers_wlan.go:188.15,190.4 1 0
github.com/unifi-go/gofi/mock/handlers_wlan.go:190.9,192.4 1 1
github.com/unifi-go/gofi/mock/handlers_wlan.go:193.14,194.38 1 1
github.com/unifi-go/gofi/mock/handlers_wlan.go:195.13,196.15 1 1
github.com/unifi-go/gofi/mock/handlers_wlan.go:196.15,198.4 1 1
github.com/unifi-go/gofi/mock/handlers_wlan.go:198.9,200.4 1 0
github.com/unifi-go/gofi/mock/handlers_wlan.go:201.16,202.15 1 1
github.com/unifi-go/gofi/mock/handlers_wlan.go:202.15,204.4 1 1
github.com/unifi-go/gofi/mock/handlers_wlan.go:204.9,206.4 1 0
github.com/unifi-go/gofi/mock/handlers_wlan.go:207.10,208.19 1 0
github.com/unifi-go/gofi/mock/handlers_wlan.go:213.92,217.31 3 1
github.com/unifi-go/gofi/mock/handlers_wlan.go:217.31,219.3 1 1
github.com/unifi-go/gofi/mock/handlers_wlan.go:221.2,221.27 1 1
github.com/unifi-go/gofi/mock/handlers_wlan.go:225.94,227.18 2 0
github.com/unifi-go/gofi/mock/handlers_wlan.go:227.18,230.3 2 0
github.com/unifi-go/gofi/mock/handlers_wlan.go:232.2,232.44 1 0
github.com/unifi-go/gofi/mock/handlers_wlan.go:236.93,238.63 2 1
github.com/unifi-go/gofi/mock/handlers_wlan.go:238.63,241.3 2 0
github.com/unifi-go/gofi/mock/handlers_wlan.go:244.2,244.22 1 1
github.com/unifi-go/gofi/mock/handlers_wlan.go:244.22,247.3 2 0
github.com/unifi-go/gofi/mock/handlers_wlan.go:250.2,250.20 1 1
github.com/unifi-go/gofi/mock/handlers_wlan.go:250.20,252.3 1 1
github.com/unifi-go/gofi/mock/handlers_wlan.go:253.2,257.43 3 1
github.com/unifi-go/gofi/mock/handlers_wlan.go:261.97,263.21 2 1
github.com/unifi-go/gofi/mock/handlers_wlan.go:263.21,266.3 2 0
github.com/unifi-go/gofi/mock/handlers_wlan.go:268.2,269.63 2 1
github.com/unifi-go/gofi/mock/handlers_wlan.go:269.63,272.3 2 0
github.com/unifi-go/gofi/mock/handlers_wlan.go:275.2,280.43 4 1
github.com/unifi-go/gofi/mock/handlers_wlan.go:284.97,286.21 2 1
github.com/unifi-go/gofi/mock/handlers_wlan.go:286.21,289.3 2 0
github.com/unifi-go/gofi/mock/handlers_wlan.go:291.2,293.38 2 1
github.com/unifi-go/gofi/mock/options.go:7.27,8.25 1 1
github.com/unifi-go/gofi/mock/options.go:8.25,10.3 1 1
github.com/unifi-go/gofi/mock/options.go:14.27,15.25 1 1
github.com/unifi-go/gofi/mock/options.go:15.25,17.3 1 1
github.com/unifi-go/gofi/mock/options.go:21.46,22.25 1 1
github.com/unifi-go/gofi/mock/options.go:22.25,23.22 1 1
github.com/unifi-go/gofi/mock/options.go:23.22,25.4 1 1
github.com/unifi-go/gofi/mock/options.go:30.45,31.25 1 1
github.com/unifi-go/gofi/mock/options.go:31.25,33.3 1 1
github.com/unifi-go/gofi/mock/response.go:11.73,15.2 3 1
github.com/unifi-go/gofi/mock/response.go:18.64,27.26 2 1
github.com/unifi-go/gofi/mock/response.go:28.21,29.16 1 1
github.com/unifi-go/gofi/mock/response.go:30.20,32.26 2 0
github.com/unifi-go/gofi/mock/response.go:32.26,34.4 1 0
github.com/unifi-go/gofi/mock/response.go:35.22,37.26 2 0
github.com/unifi-go/gofi/mock/response.go:37.26,39.4 1 0
github.com/unifi-go/gofi/mock/response.go:40.23,42.26 2 0
github.com/unifi-go/gofi/mock/response.go:42.26,44.4 1 0
github.com/unifi-go/gofi/mock/response.go:45.10,47.34 1 1
github.com/unifi-go/gofi/mock/response.go:50.2,51.35 2 1
github.com/unifi-go/gofi/mock/response.go:55.79,68.2 2 1
github.com/unifi-go/gofi/mock/response.go:71.47,73.2 1 1
github.com/unifi-go/gofi/mock/response.go:76.60,78.2 1 1
github.com/unifi-go/gofi/mock/response.go:81.43,83.2 1 1
[...]
github.com/unifi-go/gofi/services/setting.go:162.2,166.16 4 1
github.com/unifi-go/gofi/services/setting.go:166.16,168.3 1 0
github.com/unifi-go/gofi/services/setting.go:170.2,170.23 1 1
github.com/unifi-go/gofi/services/setting.go:170.23,171.29 1 0
github.com/unifi-go/gofi/services/setting.go:171.29,173.4 1 0
github.com/unifi-go/gofi/services/setting.go:174.3,174.89 1 0
github.com/unifi-go/gofi/services/setting.go:177.2,178.16 2 1
github.com/unifi-go/gofi/services/setting.go:178.16,180.3 1 0
github.com/unifi-go/gofi/services/setting.go:182.2,182.28 1 1
github.com/unifi-go/gofi/services/setting.go:182.28,184.3 1 0
github.com/unifi-go/gofi/services/setting.go:186.2,186.30 1 1
github.com/unifi-go/gofi/services/setting.go:190.90,195.16 4 1
github.com/unifi-go/gofi/services/setting.go:195.16,197.3 1 0
github.com/unifi-go/gofi/services/setting.go:199.2,199.23 1 1
github.com/unifi-go/gofi/services/setting.go:199.23,200.29 1 0
github.com/unifi-go/gofi/services/setting.go:200.29,202.4 1 0
github.com/unifi-go/gofi/services/setting.go:203.3,203.84 1 0
github.com/unifi-go/gofi/services/setting.go:206.2,206.12 1 1
github.com/unifi-go/gofi/services/setting.go:210.101,215.16 4 1
github.com/unifi-go/gofi/services/setting.go:215.16,217.3 1 0
github.com/unifi-go/gofi/services/setting.go:219.2,219.23 1 1
github.com/unifi-go/gofi/services/setting.go:219.23,221.3 1 0
github.com/unifi-go/gofi/services/setting.go:223.2,224.16 2 1
github.com/unifi-go/gofi/services/setting.go:224.16,226.3 1 0
github.com/unifi-go/gofi/services/setting.go:228.2,228.28 1 1
github.com/unifi-go/gofi/services/setting.go:228.28,231.3 1 0
github.com/unifi-go/gofi/services/setting.go:233.2,233.30 1 1
github.com/unifi-go/gofi/services/setting.go:237.107,242.16 4 1
github.com/unifi-go/gofi/services/setting.go:242.16,244.3 1 0
github.com/unifi-go/gofi/services/setting.go:246.2,246.23 1 1
github.com/unifi-go/gofi/services/setting.go:246.23,248.3 1 0
github.com/unifi-go/gofi/services/setting.go:250.2,250.12 1 1
github.com/unifi-go/gofi/services/site.go:18.64,22.2 1 1
github.com/unifi-go/gofi/services/site.go:25.71,29.16 3 1
github.com/unifi-go/gofi/services/site.go:29.16,31.3 1 0
github.com/unifi-go/gofi/services/site.go:33.2,33.23 1 1
github.com/unifi-go/gofi/services/site.go:33.23,35.3 1 0
github.com/unifi-go/gofi/services/site.go:37.2,38.16 2 1
github.com/unifi-go/gofi/services/site.go:38.16,40.3 1 0
github.com/unifi-go/gofi/services/site.go:42.2,42.26 1 1
github.com/unifi-go/gofi/services/site.go:46.80,49.16 2 1
github.com/unifi-go/gofi/services/site.go:49.16,51.3 1 0
github.com/unifi-go/gofi/services/site.go:53.2,53.29 1 1
github.com/unifi-go/gofi/services/site.go:53.29,54.39 1 1
github.com/unifi-go/gofi/services/site.go:54.39,56.4 1 1
github.com/unifi-go/gofi/services/site.go:59.2,59.50 1 1
github.com/unifi-go/gofi/services/site.go:63.91,73.16 4 1
github.com/unifi-go/gofi/services/site.go:73.16,75.3 1 0
github.com/unifi-go/gofi/services/site.go:77.2,77.23 1 1
github.com/unifi-go/gofi/services/site.go:77.23,79.3 1 0
github.com/unifi-go/gofi/services/site.go:81.2,82.16 2 1
github.com/unifi-go/gofi/services/site.go:82.16,84.3 1 0
github.com/unifi-go/gofi/services/site.go:86.2,86.18 1 1
github.com/unifi-go/gofi/services/site.go:90.90,101.16 5 0
github.com/unifi-go/gofi/services/site.go:101.16,103.3 1 0
github.com/unifi-go/gofi/services/site.go:105.2,105.23 1 0
github.com/unifi-go/gofi/services/site.go:105.23,107.3 1 0
github.com/unifi-go/gofi/services/site.go:109.2,110.16 2 0
github.com/unifi-go/gofi/services/site.go:110.16,112.3 1 0
github.com/unifi-go/gofi/services/site.go:114.2,114.20 1 0
github.com/unifi-go/gofi/services/site.go:118.68,123.16 4 0
github.com/unifi-go/gofi/services/site.go:123.16,125.3 1 0
github.com/unifi-go/gofi/services/site.go:127.2,127.23 1 0
github.com/unifi-go/gofi/services/site.go:127.23,129.3 1 0
github.com/unifi-go/gofi/services/site.go:131.2,131.12 1 0
github.com/unifi-go/gofi/services/site.go:135.92,140.16 4 1
github.com/unifi-go/gofi/services/site.go:140.16,142.3 1 0
github.com/unifi-go/gofi/services/site.go:144.2,144.23 1 1
github.com/unifi-go/gofi/services/site.go:144.23,146.3 1 0
github.com/unifi-go/gofi/services/site.go:148.2,149.16 2 1
github.com/unifi-go/gofi/services/site.go:149.16,151.3 1 0
github.com/unifi-go/gofi/services/site.go:153.2,153.26 1 1
github.com/unifi-go/gofi/services/site.go:157.89,162.16 4 1
github.com/unifi-go/gofi/services/site.go:162.16,164.3 1 0
github.com/unifi-go/gofi/services/site.go:166.2,166.23 1 1
github.com/unifi-go/gofi/services/site.go:166.23,168.3 1 0
github.com/unifi-go/gofi/services/site.go:170.2,171.16 2 1
github.com/unifi-go/gofi/services/site.go:171.16,173.3 1 0
github.com/unifi-go/gofi/services/site.go:175.2,175.21 1 1
github.com/unifi-go/gofi/services/system.go:18.68,22.2 1 1
github.com/unifi-go/gofi/services/system.go:25.76,30.16 4 1
github.com/unifi-go/gofi/services/system.go:30.16,32.3 1 0
github.com/unifi-go/gofi/services/system.go:34.2,34.23 1 1
github.com/unifi-go/gofi/services/system.go:34.23,36.3 1 0
github.com/unifi-go/gofi/services/system.go:38.2,39.44 2 1
github.com/unifi-go/gofi/services/system.go:39.44,41.3 1 0
github.com/unifi-go/gofi/services/system.go:43.2,43.21 1 1
github.com/unifi-go/gofi/services/system.go:47.77,52.16 4 0
github.com/unifi-go/gofi/services/system.go:52.16,54.3 1 0
github.com/unifi-go/gofi/services/system.go:56.2,56.23 1 0
github.com/unifi-go/gofi/services/system.go:56.23,58.3 1 0
github.com/unifi-go/gofi/services/system.go:60.2,61.16 2 0
github.com/unifi-go/gofi/services/system.go:61.16,63.3 1 0
github.com/unifi-go/gofi/services/system.go:65.2,65.28 1 0
github.com/unifi-go/gofi/services/system.go:65.28,67.3 1 0
github.com/unifi-go/gofi/services/system.go:69.2,69.30 1 0
github.com/unifi-go/gofi/services/system.go:73.59,80.16 4 1
github.com/unifi-go/gofi/services/system.go:80.16,82.3 1 0
github.com/unifi-go/gofi/services/system.go:84.2,84.23 1 1
github.com/unifi-go/gofi/services/system.go:84.23,86.3 1 0
github.com/unifi-go/gofi/services/system.go:88.2,88.12 1 1
github.com/unifi-go/gofi/services/system.go:92.75,97.16 4 1
github.com/unifi-go/gofi/services/system.go:97.16,99.3 1 0
github.com/unifi-go/gofi/services/system.go:101.2,101.23 1 1
github.com/unifi-go/gofi/services/system.go:101.23,103.3 1 0
github.com/unifi-go/gofi/services/system.go:105.2,105.12 1 1
github.com/unifi-go/gofi/services/system.go:109.107,114.16 4 1
github.com/unifi-go/gofi/services/system.go:114.16,116.3 1 0
github.com/unifi-go/gofi/services/system.go:118.2,118.23 1 1
github.com/unifi-go/gofi/services/system.go:118.23,120.3 1 0
github.com/unifi-go/gofi/services/system.go:122.2,123.16 2 1
github.com/unifi-go/gofi/services/system.go:123.16,125.3 1 0
github.com/unifi-go/gofi/services/system.go:127.2,127.28 1 1
github.com/unifi-go/gofi/services/system.go:127.28,130.3 1 0
github.com/unifi-go/gofi/services/system.go:132.2,132.30 1 1
github.com/unifi-go/gofi/services/system.go:136.82,141.16 4 1
github.com/unifi-go/gofi/services/system.go:141.16,143.3 1 0
github.com/unifi-go/gofi/services/system.go:145.2,145.23 1 1
github.com/unifi-go/gofi/services/system.go:145.23,147.3 1 0
github.com/unifi-go/gofi/services/system.go:149.2,150.16 2 1
github.com/unifi-go/gofi/services/system.go:150.16,152.3 1 0
github.com/unifi-go/gofi/services/system.go:154.2,154.26 1 1
github.com/unifi-go/gofi/services/system.go:158.65,163.16 4 1
github.com/unifi-go/gofi/services/system.go:163.16,165.3 1 0
github.com/unifi-go/gofi/services/system.go:167.2,167.23 1 1
github.com/unifi-go/gofi/services/system.go:167.23,169.3 1 0
github.com/unifi-go/gofi/services/system.go:171.2,171.12 1 1
github.com/unifi-go/gofi/services/system.go:175.82,180.16 4 1
github.com/unifi-go/gofi/services/system.go:180.16,182.3 1 0
github.com/unifi-go/gofi/services/system.go:184.2,184.23 1 1
github.com/unifi-go/gofi/services/system.go:184.23,186.3 1 0
github.com/unifi-go/gofi/services/system.go:188.2,188.12 1 1
github.com/unifi-go/gofi/services/system.go:192.84,197.16 4 1
github.com/unifi-go/gofi/services/system.go:197.16,199.3 1 0
github.com/unifi-go/gofi/services/system.go:201.2,201.23 1 1
github.com/unifi-go/gofi/services/system.go:201.23,203.3 1 0
github.com/unifi-go/gofi/services/system.go:205.2,206.16 2 1
github.com/unifi-go/gofi/services/system.go:206.16,208.3 1 0
github.com/unifi-go/gofi/services/system.go:210.2,210.26 1 1
github.com/unifi-go/gofi/services/user.go:18.64,22.2 1 1
github.com/unifi-go/gofi/services/user.go:25.84,30.16 4 1
github.com/unifi-go/gofi/services/user.go:30.16,32.3 1 0
github.com/unifi-go/gofi/services/user.go:34.2,34.23 1 1
github.com/unifi-go/gofi/services/user.go:34.23,36.3 1 0
github.com/unifi-go/gofi/services/user.go:38.2,39.16 2 1
github.com/unifi-go/gofi/services/user.go:39.16,41.3 1 0
github.com/unifi-go/gofi/services/user.go:43.2,43.26 1 1
github.com/unifi-go/gofi/services/user.go:47.86,52.16 4 0
github.com/unifi-go/gofi/services/user.go:52.16,54.3 1 0
github.com/unifi-go/gofi/services/user.go:56.2,56.23 1 0
github.com/unifi-go/gofi/services/user.go:56.23,57.29 1 0
github.com/unifi-go/gofi/services/user.go:57.29,59.4 1 0
github.com/unifi-go/gofi/services/user.go:60.3,60.76 1 0
github.com/unifi-go/gofi/services/user.go:63.2,64.16 2 0
github.com/unifi-go/gofi/services/user.go:64.16,66.3 1 0
github.com/unifi-go/gofi/services/user.go:68.2,68.28 1 0
github.com/unifi-go/gofi/services/user.go:68.28,70.3 1 0
github.com/unifi-go/gofi/services/user.go:72.2,72.30 1 0
github.com/unifi-go/gofi/services/user.go:76.92,79.16 2 1
github.com/unifi-go/gofi/services/user.go:79.16,81.3 1 0
github.com/unifi-go/gofi/services/user.go:83.2,83.29 1 1
github.com/unifi-go/gofi/services/user.go:83.29,84.22 1 1
github.com/unifi-go/gofi/services/user.go:84.22,86.4 1 1
github.com/unifi-go/gofi/services/user.go:89.2,89.60 1 0
github.com/unifi-go/gofi/services/user.go:93.103,98.16 4 1
github.com/unifi-go/gofi/services/user.go:98.16,100.3 1 0
github.com/unifi-go/gofi/services/user.go:102.2,102.23 1 1
github.com/unifi-go/gofi/services/user.go:102.23,104.3 1 0
github.com/unifi-go/gofi/services/user.go:106.2,107.16 2 1
github.com/unifi-go/gofi/services/user.go:107.16,109.3 1 0
github.com/unifi-go/gofi/services/user.go:111.2,111.28 1 1
github.com/unifi-go/gofi/services/user.go:111.28,113.3 1 0
github.com/unifi-go/gofi/services/user.go:115.2,115.30 1 1
github.com/unifi-go/gofi/services/user.go:119.103,120.19 1 1
github.com/unifi-go/gofi/services/user.go:120.19,122.3 1 0
github.com/unifi-go/gofi/services/user.go:124.2,128.16 4 1
github.com/unifi-go/gofi/services/user.go:128.16,130.3 1 0
github.com/unifi-go/gofi/services/user.go:132.2,132.23 1 1
github.com/unifi-go/gofi/services/user.go:132.23,134.3 1 0
github.com/unifi-go/gofi/services/user.go:136.2,137.16 2 1
github.com/unifi-go/gofi/services/user.go:137.16,139.3 1 0
github.com/unifi-go/gofi/services/user.go:141.2,141.28 1 1
github.com/unifi-go/gofi/services/user.go:141.28,143.3 1 0
github.com/unifi-go/gofi/services/user.go:145.2,145.30 1 1
github.com/unifi-go/gofi/services/user.go:149.74,154.16 4 0
github.com/unifi-go/gofi/services/user.go:154.16,156.3 1 0
github.com/unifi-go/gofi/services/user.go:158.2,158.23 1 0
github.com/unifi-go/gofi/services/user.go:158.23,160.3 1 0
github.com/unifi-go/gofi/services/user.go:162.2,162.12 1 0
github.com/unifi-go/gofi/services/user.go:166.80,169.16 2 0
github.com/unifi-go/gofi/services/user.go:169.16,171.3 1 0
github.com/unifi-go/gofi/services/user.go:173.2,173.37 1 0
github.com/unifi-go/gofi/services/user.go:177.94,180.16 2 1
github.com/unifi-go/gofi/services/user.go:180.16,182.3 1 0
github.com/unifi-go/gofi/services/user.go:185.2,190.12 5 1
github.com/unifi-go/gofi/services/user.go:194.81,197.16 2 0
github.com/unifi-go/gofi/services/user.go:197.16,199.3 1 0
github.com/unifi-go/gofi/services/user.go:202.2,207.12 5 0
github.com/unifi-go/gofi/services/user.go:211.95,216.16 4 1
github.com/unifi-go/gofi/services/user.go:216.16,218.3 1 0
github.com/unifi-go/gofi/services/user.go:220.2,220.23 1 1
github.com/unifi-go/gofi/services/user.go:220.23,222.3 1 0
github.com/unifi-go/gofi/services/user.go:224.2,225.16 2 1
github.com/unifi-go/gofi/services/user.go:225.16,227.3 1 0
github.com/unifi-go/gofi/services/user.go:229.2,229.26 1 1
github.com/unifi-go/gofi/services/user.go:233.96,238.16 4 0
github.com/unifi-go/gofi/services/user.go:238.16,240.3 1 0
github.com/unifi-go/gofi/services/user.go:242.2,242.23 1 0
github.com/unifi-go/gofi/services/user.go:242.23,243.29 1 0
github.com/unifi-go/gofi/services/user.go:243.29,245.4 1 0
github.com/unifi-go/gofi/services/user.go:246.3,246.82 1 0
github.com/unifi-go/gofi/services/user.go:249.2,250.16 2 0
github.com/unifi-go/gofi/services/user.go:250.16,252.3 1 0
github.com/unifi-go/gofi/services/user.go:254.2,254.28 1 0
github.com/unifi-go/gofi/services/user.go:254.28,256.3 1 0
github.com/unifi-go/gofi/services/user.go:258.2,258.30 1 0
github.com/unifi-go/gofi/services/user.go:262.119,267.16 4 1
github.com/unifi-go/gofi/services/user.go:267.16,269.3 1 0
github.com/unifi-go/gofi/services/user.go:271.2,271.23 1 1
github.com/unifi-go/gofi/services/user.go:271.23,273.3 1 0
github.com/unifi-go/gofi/services/user.go:275.2,276.16 2 1
github.com/unifi-go/gofi/services/user.go:276.16,278.3 1 0
github.com/unifi-go/gofi/services/user.go:280.2,280.28 1 1
github.com/unifi-go/gofi/services/user.go:280.28,282.3 1 0
github.com/unifi-go/gofi/services/user.go:284.2,284.30 1 1
github.com/unifi-go/gofi/services/user.go:288.119,289.20 1 0
github.com/unifi-go/gofi/services/user.go:289.20,291.3 1 0
github.com/unifi-go/gofi/services/user.go:293.2,297.16 4 0
github.com/unifi-go/gofi/services/user.go:297.16,299.3 1 0
github.com/unifi-go/gofi/services/user.go:301.2,301.23 1 0
github.com/unifi-go/gofi/services/user.go:301.23,303.3 1 0
github.com/unifi-go/gofi/services/user.go:305.2,306.16 2 0
github.com/unifi-go/gofi/services/user.go:306.16,308.3 1 0
github.com/unifi-go/gofi/services/user.go:310.2,310.28 1 0
github.com/unifi-go/gofi/services/user.go:310.28,312.3 1 0
github.com/unifi-go/gofi/services/user.go:314.2,314.30 1 0
github.com/unifi-go/gofi/services/user.go:318.79,323.16 4 0
github.com/unifi-go/gofi/services/user.go:323.16,325.3 1 0
github.com/unifi-go/gofi/services/user.go:327.2,327.23 1 0
github.com/unifi-go/gofi/services/user.go:327.23,329.3 1 0
github.com/unifi-go/gofi/services/user.go:331.2,331.12 1 0
github.com/unifi-go/gofi/services/wlan.go:18.64,22.2 1 1
github.com/unifi-go/gofi/services/wlan.go:25.84,30.16 4 1
github.com/unifi-go/gofi/services/wlan.go:30.16,32.3 1 0
github.com/unifi-go/gofi/services/wlan.go:34.2,34.23 1 1
github.com/unifi-go/gofi/services/wlan.go:34.23,36.3 1 0
github.com/unifi-go/gofi/services/wlan.go:38.2,39.16 2 1
github.com/unifi-go/gofi/services/wlan.go:39.16,41.3 1 0
github.com/unifi-go/gofi/services/wlan.go:43.2,43.26 1 1
github.com/unifi-go/gofi/services/wlan.go:47.86,52.16 4 1
github.com/unifi-go/gofi/services/wlan.go:52.16,54.3 1 0
github.com/unifi-go/gofi/services/wlan.go:56.2,56.23 1 1
github.com/unifi-go/gofi/services/wlan.go:56.23,57.29 1 1
github.com/unifi-go/gofi/services/wlan.go:57.29,59.4 1 1
github.com/unifi-go/gofi/services/wlan.go:60.3,60.76 1 0
github.com/unifi-go/gofi/services/wlan.go:63.2,64.16 2 1
github.com/unifi-go/gofi/services/wlan.go:64.16,66.3 1 0
github.com/unifi-go/gofi/services/wlan.go:68.2,68.28 1 1
github.com/unifi-go/gofi/services/wlan.go:68.28,70.3 1 0
github.com/unifi-go/gofi/services/wlan.go:72.2,72.30 1 1
github.com/unifi-go/gofi/services/wlan.go:76.103,81.16 4 1
github.com/unifi-go/gofi/services/wlan.go:81.16,83.3 1 0
github.com/unifi-go/gofi/services/wlan.go:85.2,85.23 1 1
github.com/unifi-go/gofi/services/wlan.go:85.23,87.3 1 0
github.com/unifi-go/gofi/services/wlan.go:89.2,90.16 2 1
github.com/unifi-go/gofi/services/wlan.go:90.16,92.3 1 0
github.com/unifi-go/gofi/services/wlan.go:94.2,94.28 1 1
github.com/unifi-go/gofi/services/wlan.go:94.28,96.3 1 0
github.com/unifi-go/gofi/services/wlan.go:98.2,98.30 1 1
github.com/unifi-go/gofi/services/wlan.go:102.103,103.19 1 1
github.com/unifi-go/gofi/services/wlan.go:103.19,105.3 1 0
github.com/unifi-go/gofi/services/wlan.go:107.2,111.16 4 1
github.com/unifi-go/gofi/services/wlan.go:111.16,113.3 1 0
github.com/unifi-go/gofi/services/wlan.go:115.2,115.23 1 1
github.com/unifi-go/gofi/services/wlan.go:115.23,117.3 1 0
github.com/unifi-go/gofi/services/wlan.go:119.2,120.16 2 1
github.com/unifi-go/gofi/services/wlan.go:120.16,122.3 1 0
github.com/unifi-go/gofi/services/wlan.go:124.2,124.28 1 1
github.com/unifi-go/gofi/services/wlan.go:124.28,126.3 1 0
github.com/unifi-go/gofi/services/wlan.go:128.2,128.30 1 1
github.com/unifi-go/gofi/services/wlan.go:132.74,137.16 4 1
github.com/unifi-go/gofi/services/wlan.go:137.16,139.3 1 0
github.com/unifi-go/gofi/services/wlan.go:141.2,141.23 1 1
github.com/unifi-go/gofi/services/wlan.go:141.23,143.3 1 0
github.com/unifi-go/gofi/services/wlan.go:145.2,145.12 1 1
github.com/unifi-go/gofi/services/wlan.go:149.74,151.16 2 1
github.com/unifi-go/gofi/services/wlan.go:151.16,153.3 1 0
github.com/unifi-go/gofi/services/wlan.go:155.2,157.12 3 1
github.com/unifi-go/gofi/services/wlan.go:161.75,163.16 2 1
github.com/unifi-go/gofi/services/wlan.go:163.16,165.3 1 0
github.com/unifi-go/gofi/services/wlan.go:167.2,169.12 3 1
github.com/unifi-go/gofi/services/wlan.go:173.103,175.16 2 1
github.com/unifi-go/gofi/services/wlan.go:175.16,177.3 1 0
github.com/unifi-go/gofi/services/wlan.go:179.2,184.12 5 1
github.com/unifi-go/gofi/services/wlan.go:188.95,193.16 4 1
github.com/unifi-go/gofi/services/wlan.go:193.16,195.3 1 0
github.com/unifi-go/gofi/services/wlan.go:197.2,197.23 1 1
github.com/unifi-go/gofi/services/wlan.go:197.23,199.3 1 0
github.com/unifi-go/gofi/services/wlan.go:201.2,202.16 2 1
github.com/unifi-go/gofi/services/wlan.go:202.16,204.3 1 0
github.com/unifi-go/gofi/services/wlan.go:206.2,206.26 1 1
github.com/unifi-go/gofi/services/wlan.go:210.96,215.16 4 1
github.com/unifi-go/gofi/services/wlan.go:215.16,217.3 1 0
github.com/unifi-go/gofi/services/wlan.go:219.2,219.23 1 1
github.com/unifi-go/gofi/services/wlan.go:219.23,220.29 1 0
github.com/unifi-go/gofi/services/wlan.go:220.29,222.4 1 0
github.com/unifi-go/gofi/services/wlan.go:223.3,223.82 1 0
github.com/unifi-go/gofi/services/wlan.go:226.2,227.16 2 1
github.com/unifi-go/gofi/services/wlan.go:227.16,229.3 1 0
github.com/unifi-go/gofi/services/wlan.go:231.2,231.28 1 1
github.com/unifi-go/gofi/services/wlan.go:231.28,233.3 1 0
github.com/unifi-go/gofi/services/wlan.go:235.2,235.30 1 1
github.com/unifi-go/gofi/services/wlan.go:239.119,244.16 4 1
github.com/unifi-go/gofi/services/wlan.go:244.16,246.3 1 0
github.com/unifi-go/gofi/services/wlan.go:248.2,248.23 1 1
github.com/unifi-go/gofi/services/wlan.go:248.23,250.3 1 0
github.com/unifi-go/gofi/services/wlan.go:252.2,253.16 2 1
github.com/unifi-go/gofi/services/wlan.go:253.16,255.3 1 0
github.com/unifi-go/gofi/services/wlan.go:257.2,257.28 1 1
github.com/unifi-go/gofi/services/wlan.go:257.28,259.3 1 0
github.com/unifi-go/gofi/services/wlan.go:261.2,261.30 1 1
github.com/unifi-go/gofi/services/wlan.go:265.119,266.20 1 1
github.com/unifi-go/gofi/services/wlan.go:266.20,268.3 1 0
github.com/unifi-go/gofi/services/wlan.go:270.2,274.16 4 1
github.com/unifi-go/gofi/services/wlan.go:274.16,276.3 1 0
github.com/unifi-go/gofi/services/wlan.go:278.2,278.23 1 1
github.com/unifi-go/gofi/services/wlan.go:278.23,280.3 1 0
github.com/unifi-go/gofi/services/wlan.go:282.2,283.16 2 1
github.com/unifi-go/gofi/services/wlan.go:283.16,285.3 1 0
github.com/unifi-go/gofi/services/wlan.go:287.2,287.28 1 1
github.com/unifi-go/gofi/services/wlan.go:287.28,289.3 1 0
github.com/unifi-go/gofi/services/wlan.go:291.2,291.30 1 1
github.com/unifi-go/gofi/services/wlan.go:295.79,300.16 4 1
github.com/unifi-go/gofi/services/wlan.go:300.16,302.3 1 0
github.com/unifi-go/gofi/services/wlan.go:304.2,304.23 1 1
github.com/unifi-go/gofi/services/wlan.go:304.23,306.3 1 0
github.com/unifi-go/gofi/services/wlan.go:308.2,308.12 1 1
